<?xml version="1.0" encoding="UTF-8"?>
<robot generator="Robot 6.1.1 (Python 3.12.0 on win32)" generated="20240115 11:17:20.527" rpa="false" schemaversion="4">
<suite id="s1" name="Booking 1Adt Lgd" source="C:\Automation_Site\AZULSTG\tests\booking_1adt_lgd.robot">
<test id="s1-t1" name="Caso de Testes 01 - Validar busca de passagens no site" line="12">
<kw name="inicia o teste com login" library="setup_teardown" type="SETUP">
<arg>USER=Tudo Azul</arg>
<kw name="Open Browser" library="SeleniumLibrary">
<arg>${URL_TST}</arg>
<arg>${Browser}</arg>
<arg>options=add_experimental_option('excludeSwitches', ['enable-logging']);add_argument("--safebrowsing-disable-download-protection");add_argument("--disable-web-security")</arg>
<doc>Opens a new browser instance to the optional ``url``.</doc>
<msg timestamp="20240115 11:17:20.906" level="INFO">Opening browser 'Chrome' to base url 'https://voe-aem-tst.voeazul.com.br/br/pt/home'.</msg>
<status status="PASS" starttime="20240115 11:17:20.905" endtime="20240115 11:17:32.275"/>
</kw>
<kw name="Maximize Browser Window" library="SeleniumLibrary">
<doc>Maximizes current browser window.</doc>
<status status="PASS" starttime="20240115 11:17:32.275" endtime="20240115 11:17:32.424"/>
</kw>
<kw name="Wait and Click Element" library="helpers">
<arg>${login.BTN_LOGIN}</arg>
<arg>50</arg>
<doc>Keyword responsável por aguardar o elemento estar visível e clicar.</doc>
<kw name="Wait Until Element Is Visible" library="SeleniumLibrary">
<arg>${ELEMENT}</arg>
<arg>timeout=${TIMEOUT}</arg>
<doc>Waits until the element ``locator`` is visible.</doc>
<status status="PASS" starttime="20240115 11:17:32.428" endtime="20240115 11:17:32.648"/>
</kw>
<kw name="Click Element" library="SeleniumLibrary">
<arg>${ELEMENT}</arg>
<doc>Click the element identified by ``locator``.</doc>
<msg timestamp="20240115 11:17:32.649" level="INFO">Clicking element '(//span[text()='Fazer Login'])[2]'.</msg>
<status status="PASS" starttime="20240115 11:17:32.648" endtime="20240115 11:17:33.039"/>
</kw>
<status status="PASS" starttime="20240115 11:17:32.426" endtime="20240115 11:17:33.040"/>
</kw>
<kw name="Wait Until Element Is Visible" library="SeleniumLibrary">
<arg>${login.VLD_TELA_LOGIN}</arg>
<arg>20</arg>
<doc>Waits until the element ``locator`` is visible.</doc>
<status status="PASS" starttime="20240115 11:17:33.040" endtime="20240115 11:17:33.411"/>
</kw>
<kw name="realiza o login" library="helpers">
<arg>USER=${USER}</arg>
<doc>Keyword responsável por fazer o Login no app, a partir da página inicial.</doc>
<kw name="Wait and Click Element" library="helpers">
<arg>${login.CAMPO_LOGIN}</arg>
<arg>TIMEOUT=20</arg>
<doc>Keyword responsável por aguardar o elemento estar visível e clicar.</doc>
<kw name="Wait Until Element Is Visible" library="SeleniumLibrary">
<arg>${ELEMENT}</arg>
<arg>timeout=${TIMEOUT}</arg>
<doc>Waits until the element ``locator`` is visible.</doc>
<status status="PASS" starttime="20240115 11:17:33.412" endtime="20240115 11:17:33.600"/>
</kw>
<kw name="Click Element" library="SeleniumLibrary">
<arg>${ELEMENT}</arg>
<doc>Click the element identified by ``locator``.</doc>
<msg timestamp="20240115 11:17:33.601" level="INFO">Clicking element '//input[contains(@aria-label,'Informe CPF ou Nº TudoAzul')]'.</msg>
<status status="PASS" starttime="20240115 11:17:33.600" endtime="20240115 11:17:33.706"/>
</kw>
<status status="PASS" starttime="20240115 11:17:33.411" endtime="20240115 11:17:33.707"/>
</kw>
<if>
<branch type="IF" condition="&quot;${USER}&quot; == &quot;Tudo Azul&quot;">
<kw name="Wait and Input Text" library="helpers">
<arg>${login.CAMPO_LOGIN}</arg>
<arg>${TA_1}</arg>
<doc>Keyword responsável por aguardar o elemento estar visível e digitar o texto.</doc>
<kw name="Wait Until Element Is Visible" library="SeleniumLibrary">
<arg>${ELEMENT}</arg>
<doc>Waits until the element ``locator`` is visible.</doc>
<status status="PASS" starttime="20240115 11:17:33.709" endtime="20240115 11:17:33.735"/>
</kw>
<kw name="Input Text" library="SeleniumLibrary">
<arg>${ELEMENT}</arg>
<arg>${TEXT}</arg>
<doc>Types the given ``text`` into the text field identified by ``locator``.</doc>
<msg timestamp="20240115 11:17:33.736" level="INFO">Typing text '18124874360' into text field '//input[contains(@aria-label,'Informe CPF ou Nº TudoAzul')]'.</msg>
<status status="PASS" starttime="20240115 11:17:33.735" endtime="20240115 11:17:33.910"/>
</kw>
<status status="PASS" starttime="20240115 11:17:33.707" endtime="20240115 11:17:33.910"/>
</kw>
<kw name="Wait and Input Text" library="helpers">
<arg>${login.CAMPO_SENHA}</arg>
<arg>${PWD}</arg>
<doc>Keyword responsável por aguardar o elemento estar visível e digitar o texto.</doc>
<kw name="Wait Until Element Is Visible" library="SeleniumLibrary">
<arg>${ELEMENT}</arg>
<doc>Waits until the element ``locator`` is visible.</doc>
<status status="PASS" starttime="20240115 11:17:33.911" endtime="20240115 11:17:33.936"/>
</kw>
<kw name="Input Text" library="SeleniumLibrary">
<arg>${ELEMENT}</arg>
<arg>${TEXT}</arg>
<doc>Types the given ``text`` into the text field identified by ``locator``.</doc>
<msg timestamp="20240115 11:17:33.937" level="INFO">Typing text 'Azul2023**' into text field '//input[contains(@type,'password')]'.</msg>
<status status="PASS" starttime="20240115 11:17:33.937" endtime="20240115 11:17:34.091"/>
</kw>
<status status="PASS" starttime="20240115 11:17:33.910" endtime="20240115 11:17:34.091"/>
</kw>
<status status="PASS" starttime="20240115 11:17:33.707" endtime="20240115 11:17:34.091"/>
</branch>
<branch type="ELSE IF" condition="&quot;${USER}&quot; == &quot;Tudo Azul II&quot;">
<kw name="Wait and Input Text" library="helpers">
<arg>${login.CAMPO_LOGIN}</arg>
<arg>${TA_2}</arg>
<doc>Keyword responsável por aguardar o elemento estar visível e digitar o texto.</doc>
<status status="NOT RUN" starttime="20240115 11:17:34.091" endtime="20240115 11:17:34.092"/>
</kw>
<kw name="Wait and Input Text" library="helpers">
<arg>${login.CAMPO_SENHA}</arg>
<arg>${PWD}</arg>
<doc>Keyword responsável por aguardar o elemento estar visível e digitar o texto.</doc>
<status status="NOT RUN" starttime="20240115 11:17:34.092" endtime="20240115 11:17:34.092"/>
</kw>
<status status="NOT RUN" starttime="20240115 11:17:34.091" endtime="20240115 11:17:34.092"/>
</branch>
<branch type="ELSE IF" condition="&quot;${USER}&quot; == &quot;Safira I&quot;">
<kw name="Wait and Input Text" library="helpers">
<arg>${login.CAMPO_LOGIN}</arg>
<arg>${SAFIRA_1}</arg>
<doc>Keyword responsável por aguardar o elemento estar visível e digitar o texto.</doc>
<status status="NOT RUN" starttime="20240115 11:17:34.092" endtime="20240115 11:17:34.092"/>
</kw>
<kw name="Wait and Input Text" library="helpers">
<arg>${login.CAMPO_SENHA}</arg>
<arg>${PWD}</arg>
<doc>Keyword responsável por aguardar o elemento estar visível e digitar o texto.</doc>
<status status="NOT RUN" starttime="20240115 11:17:34.092" endtime="20240115 11:17:34.092"/>
</kw>
<status status="NOT RUN" starttime="20240115 11:17:34.092" endtime="20240115 11:17:34.092"/>
</branch>
<branch type="ELSE IF" condition="&quot;${USER}&quot; == &quot;Diamante I&quot;">
<kw name="Wait and Input Text" library="helpers">
<arg>${login.CAMPO_LOGIN}</arg>
<arg>${DIAMANTE_1}</arg>
<doc>Keyword responsável por aguardar o elemento estar visível e digitar o texto.</doc>
<status status="NOT RUN" starttime="20240115 11:17:34.092" endtime="20240115 11:17:34.092"/>
</kw>
<kw name="Wait and Input Text" library="helpers">
<arg>${login.CAMPO_SENHA}</arg>
<arg>${PWD}</arg>
<doc>Keyword responsável por aguardar o elemento estar visível e digitar o texto.</doc>
<status status="NOT RUN" starttime="20240115 11:17:34.092" endtime="20240115 11:17:34.092"/>
</kw>
<status status="NOT RUN" starttime="20240115 11:17:34.092" endtime="20240115 11:17:34.092"/>
</branch>
<branch type="ELSE">
<kw name="Wait and Input Text" library="helpers">
<arg>${login.CAMPO_LOGIN}</arg>
<arg>${TA+_1}</arg>
<doc>Keyword responsável por aguardar o elemento estar visível e digitar o texto.</doc>
<status status="NOT RUN" starttime="20240115 11:17:34.092" endtime="20240115 11:17:34.093"/>
</kw>
<kw name="Wait and Input Text" library="helpers">
<arg>${login.CAMPO_SENHA}</arg>
<arg>${PWD}</arg>
<doc>Keyword responsável por aguardar o elemento estar visível e digitar o texto.</doc>
<status status="NOT RUN" starttime="20240115 11:17:34.093" endtime="20240115 11:17:34.093"/>
</kw>
<status status="NOT RUN" starttime="20240115 11:17:34.092" endtime="20240115 11:17:34.093"/>
</branch>
<status status="PASS" starttime="20240115 11:17:33.707" endtime="20240115 11:17:34.093"/>
</if>
<status status="PASS" starttime="20240115 11:17:33.411" endtime="20240115 11:17:34.093"/>
</kw>
<kw name="Wait and Click Element" library="helpers">
<arg>${login.BTN_ENTRAR_TA}</arg>
<doc>Keyword responsável por aguardar o elemento estar visível e clicar.</doc>
<kw name="Wait Until Element Is Visible" library="SeleniumLibrary">
<arg>${ELEMENT}</arg>
<arg>timeout=${TIMEOUT}</arg>
<doc>Waits until the element ``locator`` is visible.</doc>
<status status="PASS" starttime="20240115 11:17:34.094" endtime="20240115 11:17:34.122"/>
</kw>
<kw name="Click Element" library="SeleniumLibrary">
<arg>${ELEMENT}</arg>
<doc>Click the element identified by ``locator``.</doc>
<msg timestamp="20240115 11:17:34.123" level="INFO">Clicking element '//*[text()='Entrar no TudoAzul']'.</msg>
<status status="PASS" starttime="20240115 11:17:34.122" endtime="20240115 11:17:34.267"/>
</kw>
<status status="PASS" starttime="20240115 11:17:34.093" endtime="20240115 11:17:34.267"/>
</kw>
<status status="PASS" starttime="20240115 11:17:20.905" endtime="20240115 11:17:34.267"/>
</kw>
<kw name="Dado clico em comprar passagem" library="selecaovoos_resources">
<kw name="Wait Until Page Contains" library="SeleniumLibrary">
<arg>Estamos carregando suas informações</arg>
<arg>60</arg>
<doc>Waits until ``text`` appears on the current page.</doc>
<status status="PASS" starttime="20240115 11:17:34.271" endtime="20240115 11:17:46.957"/>
</kw>
<kw name="Run Keyword And Return Status" library="BuiltIn">
<var>${BOOL_BUSCA_VOOS}</var>
<arg>Wait Until Element Is Visible</arg>
<arg>${selecaovoos.VLD_SELECAODEVOOS}</arg>
<doc>Runs the given keyword with given arguments and returns the status as a Boolean value.</doc>
<kw name="Wait Until Element Is Visible" library="SeleniumLibrary">
<arg>${selecaovoos.VLD_SELECAODEVOOS}</arg>
<doc>Waits until the element ``locator`` is visible.</doc>
<msg timestamp="20240115 11:17:52.333" level="INFO" html="true">&lt;/td&gt;&lt;/tr&gt;&lt;tr&gt;&lt;td colspan="3"&gt;&lt;a href="selenium-screenshot-4.png"&gt;&lt;img src="selenium-screenshot-4.png" width="800px"&gt;&lt;/a&gt;</msg>
<msg timestamp="20240115 11:17:52.333" level="FAIL">Element '//span[@aria-hidden='true'][contains(.,'Para onde vamos voar?')]' not visible after 5 seconds.</msg>
<status status="FAIL" starttime="20240115 11:17:46.958" endtime="20240115 11:17:52.336"/>
</kw>
<msg timestamp="20240115 11:17:52.337" level="INFO">${BOOL_BUSCA_VOOS} = False</msg>
<status status="PASS" starttime="20240115 11:17:46.957" endtime="20240115 11:17:52.337"/>
</kw>
<if>
<branch type="IF" condition="${BOOL_BUSCA_VOOS} == False">
<kw name="Click Element" library="SeleniumLibrary">
<arg>${selecaovoos.BTN_COMPRAR}</arg>
<doc>Click the element identified by ``locator``.</doc>
<msg timestamp="20240115 11:17:52.339" level="INFO">Clicking element '(//button[@aria-label='Comprar passagens'])[1]'.</msg>
<status status="PASS" starttime="20240115 11:17:52.337" endtime="20240115 11:17:52.522"/>
</kw>
<status status="PASS" starttime="20240115 11:17:52.337" endtime="20240115 11:17:52.522"/>
</branch>
<status status="PASS" starttime="20240115 11:17:52.337" endtime="20240115 11:17:52.522"/>
</if>
<kw name="Wait Until Element Is Visible" library="SeleniumLibrary">
<arg>${selecaovoos.VLD_BTN_COMPRAR}</arg>
<arg>10</arg>
<doc>Waits until the element ``locator`` is visible.</doc>
<status status="PASS" starttime="20240115 11:17:52.523" endtime="20240115 11:17:52.726"/>
</kw>
<status status="PASS" starttime="20240115 11:17:34.270" endtime="20240115 11:17:52.726"/>
</kw>
<kw name="E inserir origem" library="selecaovoos_resources">
<kw name="Wait and Input Text" library="helpers">
<arg>${selecaovoos.ORIGEM}</arg>
<arg>VCP</arg>
<doc>Keyword responsável por aguardar o elemento estar visível e digitar o texto.</doc>
<kw name="Wait Until Element Is Visible" library="SeleniumLibrary">
<arg>${ELEMENT}</arg>
<doc>Waits until the element ``locator`` is visible.</doc>
<status status="PASS" starttime="20240115 11:17:52.728" endtime="20240115 11:17:52.775"/>
</kw>
<kw name="Input Text" library="SeleniumLibrary">
<arg>${ELEMENT}</arg>
<arg>${TEXT}</arg>
<doc>Types the given ``text`` into the text field identified by ``locator``.</doc>
<msg timestamp="20240115 11:17:52.777" level="INFO">Typing text 'VCP' into text field '//input[contains(@placeholder,'Digite a sua origem')]'.</msg>
<status status="PASS" starttime="20240115 11:17:52.775" endtime="20240115 11:17:52.984"/>
</kw>
<status status="PASS" starttime="20240115 11:17:52.727" endtime="20240115 11:17:52.984"/>
</kw>
<kw name="Wait and Click Element" library="helpers">
<arg>${selecaovoos.VCP}</arg>
<doc>Keyword responsável por aguardar o elemento estar visível e clicar.</doc>
<kw name="Wait Until Element Is Visible" library="SeleniumLibrary">
<arg>${ELEMENT}</arg>
<arg>timeout=${TIMEOUT}</arg>
<doc>Waits until the element ``locator`` is visible.</doc>
<status status="PASS" starttime="20240115 11:17:52.986" endtime="20240115 11:17:53.503"/>
</kw>
<kw name="Click Element" library="SeleniumLibrary">
<arg>${ELEMENT}</arg>
<doc>Click the element identified by ``locator``.</doc>
<msg timestamp="20240115 11:17:53.504" level="INFO">Clicking element '//p[@class='button__text'][contains(.,'Campinas')]'.</msg>
<status status="PASS" starttime="20240115 11:17:53.503" endtime="20240115 11:17:53.645"/>
</kw>
<status status="PASS" starttime="20240115 11:17:52.984" endtime="20240115 11:17:53.645"/>
</kw>
<status status="PASS" starttime="20240115 11:17:52.727" endtime="20240115 11:17:53.645"/>
</kw>
<kw name="E inserir destino" library="selecaovoos_resources">
<kw name="Wait and Input Text" library="helpers">
<arg>${selecaovoos.DESTINO}</arg>
<arg>BSB</arg>
<doc>Keyword responsável por aguardar o elemento estar visível e digitar o texto.</doc>
<kw name="Wait Until Element Is Visible" library="SeleniumLibrary">
<arg>${ELEMENT}</arg>
<doc>Waits until the element ``locator`` is visible.</doc>
<status status="PASS" starttime="20240115 11:17:53.669" endtime="20240115 11:17:53.809"/>
</kw>
<kw name="Input Text" library="SeleniumLibrary">
<arg>${ELEMENT}</arg>
<arg>${TEXT}</arg>
<doc>Types the given ``text`` into the text field identified by ``locator``.</doc>
<msg timestamp="20240115 11:17:53.810" level="INFO">Typing text 'BSB' into text field '//input[contains(@placeholder,'Digite o seu destino')]'.</msg>
<status status="PASS" starttime="20240115 11:17:53.809" endtime="20240115 11:17:53.940"/>
</kw>
<status status="PASS" starttime="20240115 11:17:53.667" endtime="20240115 11:17:53.940"/>
</kw>
<kw name="Wait and Click Element" library="helpers">
<arg>${selecaovoos.BSB}</arg>
<doc>Keyword responsável por aguardar o elemento estar visível e clicar.</doc>
<kw name="Wait Until Element Is Visible" library="SeleniumLibrary">
<arg>${ELEMENT}</arg>
<arg>timeout=${TIMEOUT}</arg>
<doc>Waits until the element ``locator`` is visible.</doc>
<status status="PASS" starttime="20240115 11:17:53.942" endtime="20240115 11:17:53.980"/>
</kw>
<kw name="Click Element" library="SeleniumLibrary">
<arg>${ELEMENT}</arg>
<doc>Click the element identified by ``locator``.</doc>
<msg timestamp="20240115 11:17:53.981" level="INFO">Clicking element '//b[contains(.,'Brasília')]'.</msg>
<status status="PASS" starttime="20240115 11:17:53.981" endtime="20240115 11:17:54.083"/>
</kw>
<status status="PASS" starttime="20240115 11:17:53.940" endtime="20240115 11:17:54.083"/>
</kw>
<status status="PASS" starttime="20240115 11:17:53.666" endtime="20240115 11:17:54.084"/>
</kw>
<kw name="E inserir data ida" library="selecaovoos_resources">
<kw name="Wait and Click Element" library="helpers">
<arg>${selecaovoos.DATA}</arg>
<doc>Keyword responsável por aguardar o elemento estar visível e clicar.</doc>
<kw name="Wait Until Element Is Visible" library="SeleniumLibrary">
<arg>${ELEMENT}</arg>
<arg>timeout=${TIMEOUT}</arg>
<doc>Waits until the element ``locator`` is visible.</doc>
<status status="PASS" starttime="20240115 11:17:54.087" endtime="20240115 11:17:54.129"/>
</kw>
<kw name="Click Element" library="SeleniumLibrary">
<arg>${ELEMENT}</arg>
<doc>Click the element identified by ``locator``.</doc>
<msg timestamp="20240115 11:17:54.130" level="INFO">Clicking element '//label[@aria-label='Datas (ida e volta)'][contains(.,'Datas (ida e volta)')]'.</msg>
<status status="PASS" starttime="20240115 11:17:54.129" endtime="20240115 11:17:54.317"/>
</kw>
<status status="PASS" starttime="20240115 11:17:54.085" endtime="20240115 11:17:54.317"/>
</kw>
<kw name="Input Text" library="SeleniumLibrary">
<arg>${selecaovoos.DATA_DE_IDA}</arg>
<arg>05/02/2024</arg>
<doc>Types the given ``text`` into the text field identified by ``locator``.</doc>
<msg timestamp="20240115 11:17:54.319" level="INFO">Typing text '05/02/2024' into text field '//input[contains(@name,'startDate')]'.</msg>
<status status="PASS" starttime="20240115 11:17:54.318" endtime="20240115 11:17:55.848"/>
</kw>
<status status="PASS" starttime="20240115 11:17:54.085" endtime="20240115 11:17:55.848"/>
</kw>
<kw name="E inserir data volta" library="selecaovoos_resources">
<kw name="Input Text" library="SeleniumLibrary">
<arg>${selecaovoos.DATA_DE_VOLTA}</arg>
<arg>20/02/2024</arg>
<doc>Types the given ``text`` into the text field identified by ``locator``.</doc>
<msg timestamp="20240115 11:17:55.850" level="INFO">Typing text '20/02/2024' into text field '//input[contains(@name,'endDate')]'.</msg>
<status status="PASS" starttime="20240115 11:17:55.849" endtime="20240115 11:17:56.499"/>
</kw>
<status status="PASS" starttime="20240115 11:17:55.849" endtime="20240115 11:17:56.499"/>
</kw>
<kw name="Quando confirma seleção de data" library="selecaovoos_resources">
<kw name="Wait and Click Element" library="helpers">
<arg>${selecaovoos.BTN_SELECIONA_DATA}</arg>
<arg>10</arg>
<doc>Keyword responsável por aguardar o elemento estar visível e clicar.</doc>
<kw name="Wait Until Element Is Visible" library="SeleniumLibrary">
<arg>${ELEMENT}</arg>
<arg>timeout=${TIMEOUT}</arg>
<doc>Waits until the element ``locator`` is visible.</doc>
<status status="PASS" starttime="20240115 11:17:56.501" endtime="20240115 11:17:56.540"/>
</kw>
<kw name="Click Element" library="SeleniumLibrary">
<arg>${ELEMENT}</arg>
<doc>Click the element identified by ``locator``.</doc>
<msg timestamp="20240115 11:17:56.541" level="INFO">Clicking element '//div[@class='button__text'][contains(.,'Selecionar data de ida e volta')]'.</msg>
<status status="PASS" starttime="20240115 11:17:56.540" endtime="20240115 11:17:56.661"/>
</kw>
<status status="PASS" starttime="20240115 11:17:56.500" endtime="20240115 11:17:56.661"/>
</kw>
<status status="PASS" starttime="20240115 11:17:56.499" endtime="20240115 11:17:56.661"/>
</kw>
<kw name="E clicar em buscar passagens" library="selecaovoos_resources">
<kw name="Wait and Click Element" library="helpers">
<arg>${selecaovoos.BTN_BUSCAR_PASSAGENS}</arg>
<arg>40</arg>
<doc>Keyword responsável por aguardar o elemento estar visível e clicar.</doc>
<kw name="Wait Until Element Is Visible" library="SeleniumLibrary">
<arg>${ELEMENT}</arg>
<arg>timeout=${TIMEOUT}</arg>
<doc>Waits until the element ``locator`` is visible.</doc>
<status status="PASS" starttime="20240115 11:17:56.664" endtime="20240115 11:17:56.703"/>
</kw>
<kw name="Click Element" library="SeleniumLibrary">
<arg>${ELEMENT}</arg>
<doc>Click the element identified by ``locator``.</doc>
<msg timestamp="20240115 11:17:56.704" level="INFO">Clicking element '//div[@class='button__text'][contains(.,'Buscar passagens')]'.</msg>
<status status="PASS" starttime="20240115 11:17:56.703" endtime="20240115 11:17:56.975"/>
</kw>
<status status="PASS" starttime="20240115 11:17:56.663" endtime="20240115 11:17:56.975"/>
</kw>
<status status="PASS" starttime="20240115 11:17:56.662" endtime="20240115 11:17:56.975"/>
</kw>
<kw name="Então o site devera exibir a lista de voos" library="selecaovoos_resources">
<kw name="Wait Until Page Does Not Contain" library="SeleniumLibrary">
<arg>Estamos esquentando as turbinas</arg>
<arg>40</arg>
<doc>Waits until ``text`` disappears from the current page.</doc>
<status status="PASS" starttime="20240115 11:17:56.977" endtime="20240115 11:17:57.035"/>
</kw>
<kw name="Wait Until Element Is Visible" library="SeleniumLibrary">
<arg>${selecaovoos.VALIDA_VOOS}</arg>
<arg>40</arg>
<doc>Waits until the element ``locator`` is visible.</doc>
<status status="PASS" starttime="20240115 11:17:57.035" endtime="20240115 11:17:58.680"/>
</kw>
<kw name="Capture Page Screenshot" library="SeleniumLibrary">
<doc>Takes a screenshot of the current page and embeds it into a log file.</doc>
<msg timestamp="20240115 11:17:59.257" level="INFO" html="true">&lt;/td&gt;&lt;/tr&gt;&lt;tr&gt;&lt;td colspan="3"&gt;&lt;a href="selenium-screenshot-5.png"&gt;&lt;img src="selenium-screenshot-5.png" width="800px"&gt;&lt;/a&gt;</msg>
<status status="PASS" starttime="20240115 11:17:58.680" endtime="20240115 11:17:59.257"/>
</kw>
<status status="PASS" starttime="20240115 11:17:56.976" endtime="20240115 11:17:59.257"/>
</kw>
<doc>Esse caso de teste serve para efetuar o booking no site</doc>
<tag>BOOKING</tag>
<tag>t1</tag>
<status status="PASS" starttime="20240115 11:17:20.903" endtime="20240115 11:17:59.260"/>
</test>
<test id="s1-t2" name="Caso de Testes 02 - Selecionar Passagens e Prosseguir para Viajantes" line="26">
<kw name="inicia o teste com login" library="setup_teardown" type="SETUP">
<arg>USER=Tudo Azul</arg>
<kw name="Open Browser" library="SeleniumLibrary">
<arg>${URL_TST}</arg>
<arg>${Browser}</arg>
<arg>options=add_experimental_option('excludeSwitches', ['enable-logging']);add_argument("--safebrowsing-disable-download-protection");add_argument("--disable-web-security")</arg>
<doc>Opens a new browser instance to the optional ``url``.</doc>
<msg timestamp="20240115 11:17:59.268" level="INFO">Opening browser 'Chrome' to base url 'https://voe-aem-tst.voeazul.com.br/br/pt/home'.</msg>
<status status="PASS" starttime="20240115 11:17:59.267" endtime="20240115 11:18:09.558"/>
</kw>
<kw name="Maximize Browser Window" library="SeleniumLibrary">
<doc>Maximizes current browser window.</doc>
<status status="PASS" starttime="20240115 11:18:09.558" endtime="20240115 11:18:09.696"/>
</kw>
<kw name="Wait and Click Element" library="helpers">
<arg>${login.BTN_LOGIN}</arg>
<arg>50</arg>
<doc>Keyword responsável por aguardar o elemento estar visível e clicar.</doc>
<kw name="Wait Until Element Is Visible" library="SeleniumLibrary">
<arg>${ELEMENT}</arg>
<arg>timeout=${TIMEOUT}</arg>
<doc>Waits until the element ``locator`` is visible.</doc>
<status status="PASS" starttime="20240115 11:18:09.698" endtime="20240115 11:18:09.876"/>
</kw>
<kw name="Click Element" library="SeleniumLibrary">
<arg>${ELEMENT}</arg>
<doc>Click the element identified by ``locator``.</doc>
<msg timestamp="20240115 11:18:09.877" level="INFO">Clicking element '(//span[text()='Fazer Login'])[2]'.</msg>
<status status="PASS" starttime="20240115 11:18:09.876" endtime="20240115 11:18:10.224"/>
</kw>
<status status="PASS" starttime="20240115 11:18:09.697" endtime="20240115 11:18:10.224"/>
</kw>
<kw name="Wait Until Element Is Visible" library="SeleniumLibrary">
<arg>${login.VLD_TELA_LOGIN}</arg>
<arg>20</arg>
<doc>Waits until the element ``locator`` is visible.</doc>
<status status="PASS" starttime="20240115 11:18:10.224" endtime="20240115 11:18:10.564"/>
</kw>
<kw name="realiza o login" library="helpers">
<arg>USER=${USER}</arg>
<doc>Keyword responsável por fazer o Login no app, a partir da página inicial.</doc>
<kw name="Wait and Click Element" library="helpers">
<arg>${login.CAMPO_LOGIN}</arg>
<arg>TIMEOUT=20</arg>
<doc>Keyword responsável por aguardar o elemento estar visível e clicar.</doc>
<kw name="Wait Until Element Is Visible" library="SeleniumLibrary">
<arg>${ELEMENT}</arg>
<arg>timeout=${TIMEOUT}</arg>
<doc>Waits until the element ``locator`` is visible.</doc>
<status status="PASS" starttime="20240115 11:18:10.566" endtime="20240115 11:18:10.601"/>
</kw>
<kw name="Click Element" library="SeleniumLibrary">
<arg>${ELEMENT}</arg>
<doc>Click the element identified by ``locator``.</doc>
<msg timestamp="20240115 11:18:10.602" level="INFO">Clicking element '//input[contains(@aria-label,'Informe CPF ou Nº TudoAzul')]'.</msg>
<status status="PASS" starttime="20240115 11:18:10.601" endtime="20240115 11:18:10.730"/>
</kw>
<status status="PASS" starttime="20240115 11:18:10.565" endtime="20240115 11:18:10.730"/>
</kw>
<if>
<branch type="IF" condition="&quot;${USER}&quot; == &quot;Tudo Azul&quot;">
<kw name="Wait and Input Text" library="helpers">
<arg>${login.CAMPO_LOGIN}</arg>
<arg>${TA_1}</arg>
<doc>Keyword responsável por aguardar o elemento estar visível e digitar o texto.</doc>
<kw name="Wait Until Element Is Visible" library="SeleniumLibrary">
<arg>${ELEMENT}</arg>
<doc>Waits until the element ``locator`` is visible.</doc>
<status status="PASS" starttime="20240115 11:18:10.732" endtime="20240115 11:18:10.902"/>
</kw>
<kw name="Input Text" library="SeleniumLibrary">
<arg>${ELEMENT}</arg>
<arg>${TEXT}</arg>
<doc>Types the given ``text`` into the text field identified by ``locator``.</doc>
<msg timestamp="20240115 11:18:10.902" level="INFO">Typing text '18124874360' into text field '//input[contains(@aria-label,'Informe CPF ou Nº TudoAzul')]'.</msg>
<status status="PASS" starttime="20240115 11:18:10.902" endtime="20240115 11:18:11.094"/>
</kw>
<status status="PASS" starttime="20240115 11:18:10.730" endtime="20240115 11:18:11.094"/>
</kw>
<kw name="Wait and Input Text" library="helpers">
<arg>${login.CAMPO_SENHA}</arg>
<arg>${PWD}</arg>
<doc>Keyword responsável por aguardar o elemento estar visível e digitar o texto.</doc>
<kw name="Wait Until Element Is Visible" library="SeleniumLibrary">
<arg>${ELEMENT}</arg>
<doc>Waits until the element ``locator`` is visible.</doc>
<status status="PASS" starttime="20240115 11:18:11.095" endtime="20240115 11:18:11.120"/>
</kw>
<kw name="Input Text" library="SeleniumLibrary">
<arg>${ELEMENT}</arg>
<arg>${TEXT}</arg>
<doc>Types the given ``text`` into the text field identified by ``locator``.</doc>
<msg timestamp="20240115 11:18:11.121" level="INFO">Typing text 'Azul2023**' into text field '//input[contains(@type,'password')]'.</msg>
<status status="PASS" starttime="20240115 11:18:11.120" endtime="20240115 11:18:11.290"/>
</kw>
<status status="PASS" starttime="20240115 11:18:11.094" endtime="20240115 11:18:11.290"/>
</kw>
<status status="PASS" starttime="20240115 11:18:10.730" endtime="20240115 11:18:11.290"/>
</branch>
<branch type="ELSE IF" condition="&quot;${USER}&quot; == &quot;Tudo Azul II&quot;">
<kw name="Wait and Input Text" library="helpers">
<arg>${login.CAMPO_LOGIN}</arg>
<arg>${TA_2}</arg>
<doc>Keyword responsável por aguardar o elemento estar visível e digitar o texto.</doc>
<status status="NOT RUN" starttime="20240115 11:18:11.291" endtime="20240115 11:18:11.291"/>
</kw>
<kw name="Wait and Input Text" library="helpers">
<arg>${login.CAMPO_SENHA}</arg>
<arg>${PWD}</arg>
<doc>Keyword responsável por aguardar o elemento estar visível e digitar o texto.</doc>
<status status="NOT RUN" starttime="20240115 11:18:11.291" endtime="20240115 11:18:11.291"/>
</kw>
<status status="NOT RUN" starttime="20240115 11:18:11.290" endtime="20240115 11:18:11.291"/>
</branch>
<branch type="ELSE IF" condition="&quot;${USER}&quot; == &quot;Safira I&quot;">
<kw name="Wait and Input Text" library="helpers">
<arg>${login.CAMPO_LOGIN}</arg>
<arg>${SAFIRA_1}</arg>
<doc>Keyword responsável por aguardar o elemento estar visível e digitar o texto.</doc>
<status status="NOT RUN" starttime="20240115 11:18:11.292" endtime="20240115 11:18:11.292"/>
</kw>
<kw name="Wait and Input Text" library="helpers">
<arg>${login.CAMPO_SENHA}</arg>
<arg>${PWD}</arg>
<doc>Keyword responsável por aguardar o elemento estar visível e digitar o texto.</doc>
<status status="NOT RUN" starttime="20240115 11:18:11.292" endtime="20240115 11:18:11.292"/>
</kw>
<status status="NOT RUN" starttime="20240115 11:18:11.291" endtime="20240115 11:18:11.292"/>
</branch>
<branch type="ELSE IF" condition="&quot;${USER}&quot; == &quot;Diamante I&quot;">
<kw name="Wait and Input Text" library="helpers">
<arg>${login.CAMPO_LOGIN}</arg>
<arg>${DIAMANTE_1}</arg>
<doc>Keyword responsável por aguardar o elemento estar visível e digitar o texto.</doc>
<status status="NOT RUN" starttime="20240115 11:18:11.293" endtime="20240115 11:18:11.293"/>
</kw>
<kw name="Wait and Input Text" library="helpers">
<arg>${login.CAMPO_SENHA}</arg>
<arg>${PWD}</arg>
<doc>Keyword responsável por aguardar o elemento estar visível e digitar o texto.</doc>
<status status="NOT RUN" starttime="20240115 11:18:11.293" endtime="20240115 11:18:11.293"/>
</kw>
<status status="NOT RUN" starttime="20240115 11:18:11.292" endtime="20240115 11:18:11.293"/>
</branch>
<branch type="ELSE">
<kw name="Wait and Input Text" library="helpers">
<arg>${login.CAMPO_LOGIN}</arg>
<arg>${TA+_1}</arg>
<doc>Keyword responsável por aguardar o elemento estar visível e digitar o texto.</doc>
<status status="NOT RUN" starttime="20240115 11:18:11.293" endtime="20240115 11:18:11.293"/>
</kw>
<kw name="Wait and Input Text" library="helpers">
<arg>${login.CAMPO_SENHA}</arg>
<arg>${PWD}</arg>
<doc>Keyword responsável por aguardar o elemento estar visível e digitar o texto.</doc>
<status status="NOT RUN" starttime="20240115 11:18:11.294" endtime="20240115 11:18:11.294"/>
</kw>
<status status="NOT RUN" starttime="20240115 11:18:11.293" endtime="20240115 11:18:11.294"/>
</branch>
<status status="PASS" starttime="20240115 11:18:10.730" endtime="20240115 11:18:11.294"/>
</if>
<status status="PASS" starttime="20240115 11:18:10.565" endtime="20240115 11:18:11.294"/>
</kw>
<kw name="Wait and Click Element" library="helpers">
<arg>${login.BTN_ENTRAR_TA}</arg>
<doc>Keyword responsável por aguardar o elemento estar visível e clicar.</doc>
<kw name="Wait Until Element Is Visible" library="SeleniumLibrary">
<arg>${ELEMENT}</arg>
<arg>timeout=${TIMEOUT}</arg>
<doc>Waits until the element ``locator`` is visible.</doc>
<status status="PASS" starttime="20240115 11:18:11.295" endtime="20240115 11:18:11.327"/>
</kw>
<kw name="Click Element" library="SeleniumLibrary">
<arg>${ELEMENT}</arg>
<doc>Click the element identified by ``locator``.</doc>
<msg timestamp="20240115 11:18:11.328" level="INFO">Clicking element '//*[text()='Entrar no TudoAzul']'.</msg>
<status status="PASS" starttime="20240115 11:18:11.327" endtime="20240115 11:18:11.454"/>
</kw>
<status status="PASS" starttime="20240115 11:18:11.294" endtime="20240115 11:18:11.454"/>
</kw>
<status status="PASS" starttime="20240115 11:17:59.266" endtime="20240115 11:18:11.454"/>
</kw>
<kw name="Dado que seleciono a tarifa de ida e volta" library="selecaopassagens_resources">
<kw name="Wait and Click Element" library="helpers">
<arg>${selecaopassagens.SLC_VIAGEM_IDA}</arg>
<doc>Keyword responsável por aguardar o elemento estar visível e clicar.</doc>
<kw name="Wait Until Element Is Visible" library="SeleniumLibrary">
<arg>${ELEMENT}</arg>
<arg>timeout=${TIMEOUT}</arg>
<doc>Waits until the element ``locator`` is visible.</doc>
<msg timestamp="20240115 11:18:31.842" level="INFO" html="true">&lt;/td&gt;&lt;/tr&gt;&lt;tr&gt;&lt;td colspan="3"&gt;&lt;a href="selenium-screenshot-6.png"&gt;&lt;img src="selenium-screenshot-6.png" width="800px"&gt;&lt;/a&gt;</msg>
<msg timestamp="20240115 11:18:31.842" level="FAIL">Element '(//div[@aria-label='Ver tarifas deste voo. Selecionar'])[1]' not visible after 20 seconds.</msg>
<status status="FAIL" starttime="20240115 11:18:11.459" endtime="20240115 11:18:31.843"/>
</kw>
<kw name="Click Element" library="SeleniumLibrary">
<arg>${ELEMENT}</arg>
<doc>Click the element identified by ``locator``.</doc>
<status status="NOT RUN" starttime="20240115 11:18:31.843" endtime="20240115 11:18:31.843"/>
</kw>
<status status="FAIL" starttime="20240115 11:18:11.458" endtime="20240115 11:18:31.843"/>
</kw>
<while condition="True">
<iter>
<kw name="Run Keyword And Return Status" library="BuiltIn">
<var>${status}</var>
<arg>Click Element</arg>
<arg>${selecaopassagens.BTN_SLC_TRF_IDA}</arg>
<doc>Runs the given keyword with given arguments and returns the status as a Boolean value.</doc>
<status status="NOT RUN" starttime="20240115 11:18:31.843" endtime="20240115 11:18:31.843"/>
</kw>
<if>
<branch type="IF" condition="${status}">
<break>
<status status="NOT RUN" starttime="20240115 11:18:31.843" endtime="20240115 11:18:31.843"/>
</break>
<status status="NOT RUN" starttime="20240115 11:18:31.843" endtime="20240115 11:18:31.843"/>
</branch>
<status status="NOT RUN" starttime="20240115 11:18:31.843" endtime="20240115 11:18:31.843"/>
</if>
<kw name="Press Keys" library="SeleniumLibrary">
<arg>${None}</arg>
<arg>ARROW_UP</arg>
<doc>Simulates the user pressing key(s) to an element or on the active browser.</doc>
<status status="NOT RUN" starttime="20240115 11:18:31.843" endtime="20240115 11:18:31.843"/>
</kw>
<status status="NOT RUN" starttime="20240115 11:18:31.843" endtime="20240115 11:18:31.844"/>
</iter>
<status status="NOT RUN" starttime="20240115 11:18:31.843" endtime="20240115 11:18:31.844"/>
</while>
<kw name="Wait and Click Element" library="helpers">
<arg>${selecaopassagens.SLC_VIAGEM_VOLTA}</arg>
<arg>10</arg>
<doc>Keyword responsável por aguardar o elemento estar visível e clicar.</doc>
<status status="NOT RUN" starttime="20240115 11:18:31.844" endtime="20240115 11:18:31.844"/>
</kw>
<while condition="True">
<iter>
<kw name="Run Keyword And Return Status" library="BuiltIn">
<var>${status}</var>
<arg>Wait and Click Element</arg>
<arg>${selecaopassagens.BTN_SLC_TRF_VOLTA}</arg>
<doc>Runs the given keyword with given arguments and returns the status as a Boolean value.</doc>
<status status="NOT RUN" starttime="20240115 11:18:31.844" endtime="20240115 11:18:31.844"/>
</kw>
<if>
<branch type="IF" condition="${status}">
<break>
<status status="NOT RUN" starttime="20240115 11:18:31.844" endtime="20240115 11:18:31.844"/>
</break>
<status status="NOT RUN" starttime="20240115 11:18:31.844" endtime="20240115 11:18:31.844"/>
</branch>
<status status="NOT RUN" starttime="20240115 11:18:31.844" endtime="20240115 11:18:31.844"/>
</if>
<kw name="Press Keys" library="SeleniumLibrary">
<arg>${None}</arg>
<arg>ARROW_UP</arg>
<doc>Simulates the user pressing key(s) to an element or on the active browser.</doc>
<status status="NOT RUN" starttime="20240115 11:18:31.844" endtime="20240115 11:18:31.844"/>
</kw>
<status status="NOT RUN" starttime="20240115 11:18:31.844" endtime="20240115 11:18:31.844"/>
</iter>
<status status="NOT RUN" starttime="20240115 11:18:31.844" endtime="20240115 11:18:31.844"/>
</while>
<status status="FAIL" starttime="20240115 11:18:11.457" endtime="20240115 11:18:31.844"/>
</kw>
<kw name="Quando clicar em prosseguir para pagamento" library="selecaopassagens_resources">
<status status="NOT RUN" starttime="20240115 11:18:31.845" endtime="20240115 11:18:31.845"/>
</kw>
<kw name="Então o sistema devera prosseguir para a tela de viajantes" library="viajantes_resources">
<status status="NOT RUN" starttime="20240115 11:18:31.846" endtime="20240115 11:18:31.846"/>
</kw>
<doc>Esse caso de teste serve para selecionar as tarifas em REAIS</doc>
<tag>SELECIONAR TARIFA</tag>
<tag>t2</tag>
<status status="FAIL" starttime="20240115 11:17:59.264" endtime="20240115 11:18:31.846">Element '(//div[@aria-label='Ver tarifas deste voo. Selecionar'])[1]' not visible after 20 seconds.</status>
</test>
<test id="s1-t3" name="Caso de Testes 03 - Validar a inserção de Cartão de Crédito" line="35">
<kw name="inicia o teste com login" library="setup_teardown" type="SETUP">
<arg>USER=Tudo Azul</arg>
<kw name="Open Browser" library="SeleniumLibrary">
<arg>${URL_TST}</arg>
<arg>${Browser}</arg>
<arg>options=add_experimental_option('excludeSwitches', ['enable-logging']);add_argument("--safebrowsing-disable-download-protection");add_argument("--disable-web-security")</arg>
<doc>Opens a new browser instance to the optional ``url``.</doc>
<msg timestamp="20240115 11:18:31.852" level="INFO">Opening browser 'Chrome' to base url 'https://voe-aem-tst.voeazul.com.br/br/pt/home'.</msg>
<status status="PASS" starttime="20240115 11:18:31.850" endtime="20240115 11:18:35.037"/>
</kw>
<kw name="Maximize Browser Window" library="SeleniumLibrary">
<doc>Maximizes current browser window.</doc>
<status status="PASS" starttime="20240115 11:18:35.037" endtime="20240115 11:18:43.131"/>
</kw>
<kw name="Wait and Click Element" library="helpers">
<arg>${login.BTN_LOGIN}</arg>
<arg>50</arg>
<doc>Keyword responsável por aguardar o elemento estar visível e clicar.</doc>
<kw name="Wait Until Element Is Visible" library="SeleniumLibrary">
<arg>${ELEMENT}</arg>
<arg>timeout=${TIMEOUT}</arg>
<doc>Waits until the element ``locator`` is visible.</doc>
<status status="PASS" starttime="20240115 11:18:43.132" endtime="20240115 11:18:43.177"/>
</kw>
<kw name="Click Element" library="SeleniumLibrary">
<arg>${ELEMENT}</arg>
<doc>Click the element identified by ``locator``.</doc>
<msg timestamp="20240115 11:18:43.179" level="INFO">Clicking element '(//span[text()='Fazer Login'])[2]'.</msg>
<status status="PASS" starttime="20240115 11:18:43.177" endtime="20240115 11:18:43.445"/>
</kw>
<status status="PASS" starttime="20240115 11:18:43.131" endtime="20240115 11:18:43.445"/>
</kw>
<kw name="Wait Until Element Is Visible" library="SeleniumLibrary">
<arg>${login.VLD_TELA_LOGIN}</arg>
<arg>20</arg>
<doc>Waits until the element ``locator`` is visible.</doc>
<status status="PASS" starttime="20240115 11:18:43.445" endtime="20240115 11:18:43.567"/>
</kw>
<kw name="realiza o login" library="helpers">
<arg>USER=${USER}</arg>
<doc>Keyword responsável por fazer o Login no app, a partir da página inicial.</doc>
<kw name="Wait and Click Element" library="helpers">
<arg>${login.CAMPO_LOGIN}</arg>
<arg>TIMEOUT=20</arg>
<doc>Keyword responsável por aguardar o elemento estar visível e clicar.</doc>
<kw name="Wait Until Element Is Visible" library="SeleniumLibrary">
<arg>${ELEMENT}</arg>
<arg>timeout=${TIMEOUT}</arg>
<doc>Waits until the element ``locator`` is visible.</doc>
<status status="PASS" starttime="20240115 11:18:43.571" endtime="20240115 11:18:43.664"/>
</kw>
<kw name="Click Element" library="SeleniumLibrary">
<arg>${ELEMENT}</arg>
<doc>Click the element identified by ``locator``.</doc>
<msg timestamp="20240115 11:18:43.665" level="INFO">Clicking element '//input[contains(@aria-label,'Informe CPF ou Nº TudoAzul')]'.</msg>
<status status="PASS" starttime="20240115 11:18:43.664" endtime="20240115 11:18:43.835"/>
</kw>
<status status="PASS" starttime="20240115 11:18:43.568" endtime="20240115 11:18:43.835"/>
</kw>
<if>
<branch type="IF" condition="&quot;${USER}&quot; == &quot;Tudo Azul&quot;">
<kw name="Wait and Input Text" library="helpers">
<arg>${login.CAMPO_LOGIN}</arg>
<arg>${TA_1}</arg>
<doc>Keyword responsável por aguardar o elemento estar visível e digitar o texto.</doc>
<kw name="Wait Until Element Is Visible" library="SeleniumLibrary">
<arg>${ELEMENT}</arg>
<doc>Waits until the element ``locator`` is visible.</doc>
<status status="PASS" starttime="20240115 11:18:43.838" endtime="20240115 11:18:43.877"/>
</kw>
<kw name="Input Text" library="SeleniumLibrary">
<arg>${ELEMENT}</arg>
<arg>${TEXT}</arg>
<doc>Types the given ``text`` into the text field identified by ``locator``.</doc>
<msg timestamp="20240115 11:18:43.879" level="INFO">Typing text '18124874360' into text field '//input[contains(@aria-label,'Informe CPF ou Nº TudoAzul')]'.</msg>
<status status="PASS" starttime="20240115 11:18:43.878" endtime="20240115 11:18:44.146"/>
</kw>
<status status="PASS" starttime="20240115 11:18:43.836" endtime="20240115 11:18:44.146"/>
</kw>
<kw name="Wait and Input Text" library="helpers">
<arg>${login.CAMPO_SENHA}</arg>
<arg>${PWD}</arg>
<doc>Keyword responsável por aguardar o elemento estar visível e digitar o texto.</doc>
<kw name="Wait Until Element Is Visible" library="SeleniumLibrary">
<arg>${ELEMENT}</arg>
<doc>Waits until the element ``locator`` is visible.</doc>
<status status="PASS" starttime="20240115 11:18:44.149" endtime="20240115 11:18:44.183"/>
</kw>
<kw name="Input Text" library="SeleniumLibrary">
<arg>${ELEMENT}</arg>
<arg>${TEXT}</arg>
<doc>Types the given ``text`` into the text field identified by ``locator``.</doc>
<msg timestamp="20240115 11:18:44.183" level="INFO">Typing text 'Azul2023**' into text field '//input[contains(@type,'password')]'.</msg>
<status status="PASS" starttime="20240115 11:18:44.183" endtime="20240115 11:18:44.361"/>
</kw>
<status status="PASS" starttime="20240115 11:18:44.147" endtime="20240115 11:18:44.361"/>
</kw>
<status status="PASS" starttime="20240115 11:18:43.835" endtime="20240115 11:18:44.361"/>
</branch>
<branch type="ELSE IF" condition="&quot;${USER}&quot; == &quot;Tudo Azul II&quot;">
<kw name="Wait and Input Text" library="helpers">
<arg>${login.CAMPO_LOGIN}</arg>
<arg>${TA_2}</arg>
<doc>Keyword responsável por aguardar o elemento estar visível e digitar o texto.</doc>
<status status="NOT RUN" starttime="20240115 11:18:44.362" endtime="20240115 11:18:44.362"/>
</kw>
<kw name="Wait and Input Text" library="helpers">
<arg>${login.CAMPO_SENHA}</arg>
<arg>${PWD}</arg>
<doc>Keyword responsável por aguardar o elemento estar visível e digitar o texto.</doc>
<status status="NOT RUN" starttime="20240115 11:18:44.362" endtime="20240115 11:18:44.362"/>
</kw>
<status status="NOT RUN" starttime="20240115 11:18:44.362" endtime="20240115 11:18:44.362"/>
</branch>
<branch type="ELSE IF" condition="&quot;${USER}&quot; == &quot;Safira I&quot;">
<kw name="Wait and Input Text" library="helpers">
<arg>${login.CAMPO_LOGIN}</arg>
<arg>${SAFIRA_1}</arg>
<doc>Keyword responsável por aguardar o elemento estar visível e digitar o texto.</doc>
<status status="NOT RUN" starttime="20240115 11:18:44.362" endtime="20240115 11:18:44.362"/>
</kw>
<kw name="Wait and Input Text" library="helpers">
<arg>${login.CAMPO_SENHA}</arg>
<arg>${PWD}</arg>
<doc>Keyword responsável por aguardar o elemento estar visível e digitar o texto.</doc>
<status status="NOT RUN" starttime="20240115 11:18:44.362" endtime="20240115 11:18:44.362"/>
</kw>
<status status="NOT RUN" starttime="20240115 11:18:44.362" endtime="20240115 11:18:44.362"/>
</branch>
<branch type="ELSE IF" condition="&quot;${USER}&quot; == &quot;Diamante I&quot;">
<kw name="Wait and Input Text" library="helpers">
<arg>${login.CAMPO_LOGIN}</arg>
<arg>${DIAMANTE_1}</arg>
<doc>Keyword responsável por aguardar o elemento estar visível e digitar o texto.</doc>
<status status="NOT RUN" starttime="20240115 11:18:44.363" endtime="20240115 11:18:44.363"/>
</kw>
<kw name="Wait and Input Text" library="helpers">
<arg>${login.CAMPO_SENHA}</arg>
<arg>${PWD}</arg>
<doc>Keyword responsável por aguardar o elemento estar visível e digitar o texto.</doc>
<status status="NOT RUN" starttime="20240115 11:18:44.363" endtime="20240115 11:18:44.363"/>
</kw>
<status status="NOT RUN" starttime="20240115 11:18:44.363" endtime="20240115 11:18:44.363"/>
</branch>
<branch type="ELSE">
<kw name="Wait and Input Text" library="helpers">
<arg>${login.CAMPO_LOGIN}</arg>
<arg>${TA+_1}</arg>
<doc>Keyword responsável por aguardar o elemento estar visível e digitar o texto.</doc>
<status status="NOT RUN" starttime="20240115 11:18:44.363" endtime="20240115 11:18:44.363"/>
</kw>
<kw name="Wait and Input Text" library="helpers">
<arg>${login.CAMPO_SENHA}</arg>
<arg>${PWD}</arg>
<doc>Keyword responsável por aguardar o elemento estar visível e digitar o texto.</doc>
<status status="NOT RUN" starttime="20240115 11:18:44.363" endtime="20240115 11:18:44.363"/>
</kw>
<status status="NOT RUN" starttime="20240115 11:18:44.363" endtime="20240115 11:18:44.363"/>
</branch>
<status status="PASS" starttime="20240115 11:18:43.835" endtime="20240115 11:18:44.363"/>
</if>
<status status="PASS" starttime="20240115 11:18:43.567" endtime="20240115 11:18:44.363"/>
</kw>
<kw name="Wait and Click Element" library="helpers">
<arg>${login.BTN_ENTRAR_TA}</arg>
<doc>Keyword responsável por aguardar o elemento estar visível e clicar.</doc>
<kw name="Wait Until Element Is Visible" library="SeleniumLibrary">
<arg>${ELEMENT}</arg>
<arg>timeout=${TIMEOUT}</arg>
<doc>Waits until the element ``locator`` is visible.</doc>
<status status="PASS" starttime="20240115 11:18:44.364" endtime="20240115 11:18:44.394"/>
</kw>
<kw name="Click Element" library="SeleniumLibrary">
<arg>${ELEMENT}</arg>
<doc>Click the element identified by ``locator``.</doc>
<msg timestamp="20240115 11:18:44.395" level="INFO">Clicking element '//*[text()='Entrar no TudoAzul']'.</msg>
<status status="PASS" starttime="20240115 11:18:44.394" endtime="20240115 11:18:44.535"/>
</kw>
<status status="PASS" starttime="20240115 11:18:44.363" endtime="20240115 11:18:44.535"/>
</kw>
<status status="PASS" starttime="20240115 11:18:31.849" endtime="20240115 11:18:44.535"/>
</kw>
<kw name="Dado que seleciono forma de pagamento, clicar em cartão de crédito" library="pagamentos_resources">
<kw name="Wait Until Element Is Visible" library="SeleniumLibrary">
<arg>${pagamentos.VLD_TELA_PGTO}</arg>
<arg>30</arg>
<doc>Waits until the element ``locator`` is visible.</doc>
<msg timestamp="20240115 11:19:14.972" level="INFO" html="true">&lt;/td&gt;&lt;/tr&gt;&lt;tr&gt;&lt;td colspan="3"&gt;&lt;a href="selenium-screenshot-7.png"&gt;&lt;img src="selenium-screenshot-7.png" width="800px"&gt;&lt;/a&gt;</msg>
<msg timestamp="20240115 11:19:14.972" level="FAIL">Element '//h3[contains(.,'Agora é só realizar o pagamento')]' not visible after 30 seconds.</msg>
<status status="FAIL" starttime="20240115 11:18:44.536" endtime="20240115 11:19:14.973"/>
</kw>
<kw name="Wait Until Keyword Succeeds" library="BuiltIn">
<arg>3</arg>
<arg>20s</arg>
<arg>Click Element</arg>
<arg>${pagamentos.SLC_PGTO}</arg>
<doc>Runs the specified keyword and retries if it fails.</doc>
<status status="NOT RUN" starttime="20240115 11:19:14.973" endtime="20240115 11:19:14.973"/>
</kw>
<kw name="Click Element" library="SeleniumLibrary">
<arg>${pagamentos.SLC_CC}</arg>
<doc>Click the element identified by ``locator``.</doc>
<status status="NOT RUN" starttime="20240115 11:19:14.974" endtime="20240115 11:19:14.974"/>
</kw>
<status status="FAIL" starttime="20240115 11:18:44.536" endtime="20240115 11:19:14.974"/>
</kw>
<kw name="Quando inserir um cartão de crédito valido" library="pagamentos_resources">
<status status="NOT RUN" starttime="20240115 11:19:14.975" endtime="20240115 11:19:14.975"/>
</kw>
<kw name="E clicar em adicionar cartão" library="pagamentos_resources">
<status status="NOT RUN" starttime="20240115 11:19:14.976" endtime="20240115 11:19:14.976"/>
</kw>
<kw name="Então o sistema devera retornar para a tela de pagamento" library="pagamentos_resources">
<status status="NOT RUN" starttime="20240115 11:19:14.976" endtime="20240115 11:19:14.976"/>
</kw>
<doc>Esse caso de testes serve para validar a inserção de Cartão de Crédito na tela de pagamento</doc>
<tag>INSERIR CARTÃO</tag>
<tag>t3</tag>
<status status="FAIL" starttime="20240115 11:18:31.848" endtime="20240115 11:19:14.977">Element '//h3[contains(.,'Agora é só realizar o pagamento')]' not visible after 30 seconds.</status>
</test>
<test id="s1-t4" name="Caso de testes 04 - Efetuar Pagamento da Tarifa" line="45">
<kw name="inicia o teste com login" library="setup_teardown" type="SETUP">
<arg>USER=Tudo Azul</arg>
<kw name="Open Browser" library="SeleniumLibrary">
<arg>${URL_TST}</arg>
<arg>${Browser}</arg>
<arg>options=add_experimental_option('excludeSwitches', ['enable-logging']);add_argument("--safebrowsing-disable-download-protection");add_argument("--disable-web-security")</arg>
<doc>Opens a new browser instance to the optional ``url``.</doc>
<msg timestamp="20240115 11:19:14.980" level="INFO">Opening browser 'Chrome' to base url 'https://voe-aem-tst.voeazul.com.br/br/pt/home'.</msg>
<status status="PASS" starttime="20240115 11:19:14.979" endtime="20240115 11:19:26.643"/>
</kw>
<kw name="Maximize Browser Window" library="SeleniumLibrary">
<doc>Maximizes current browser window.</doc>
<status status="PASS" starttime="20240115 11:19:26.643" endtime="20240115 11:19:26.930"/>
</kw>
<kw name="Wait and Click Element" library="helpers">
<arg>${login.BTN_LOGIN}</arg>
<arg>50</arg>
<doc>Keyword responsável por aguardar o elemento estar visível e clicar.</doc>
<kw name="Wait Until Element Is Visible" library="SeleniumLibrary">
<arg>${ELEMENT}</arg>
<arg>timeout=${TIMEOUT}</arg>
<doc>Waits until the element ``locator`` is visible.</doc>
<status status="PASS" starttime="20240115 11:19:26.932" endtime="20240115 11:19:27.296"/>
</kw>
<kw name="Click Element" library="SeleniumLibrary">
<arg>${ELEMENT}</arg>
<doc>Click the element identified by ``locator``.</doc>
<msg timestamp="20240115 11:19:27.298" level="INFO">Clicking element '(//span[text()='Fazer Login'])[2]'.</msg>
<status status="PASS" starttime="20240115 11:19:27.296" endtime="20240115 11:19:28.425"/>
</kw>
<status status="PASS" starttime="20240115 11:19:26.930" endtime="20240115 11:19:28.425"/>
</kw>
<kw name="Wait Until Element Is Visible" library="SeleniumLibrary">
<arg>${login.VLD_TELA_LOGIN}</arg>
<arg>20</arg>
<doc>Waits until the element ``locator`` is visible.</doc>
<status status="PASS" starttime="20240115 11:19:28.425" endtime="20240115 11:19:28.653"/>
</kw>
<kw name="realiza o login" library="helpers">
<arg>USER=${USER}</arg>
<doc>Keyword responsável por fazer o Login no app, a partir da página inicial.</doc>
<kw name="Wait and Click Element" library="helpers">
<arg>${login.CAMPO_LOGIN}</arg>
<arg>TIMEOUT=20</arg>
<doc>Keyword responsável por aguardar o elemento estar visível e clicar.</doc>
<kw name="Wait Until Element Is Visible" library="SeleniumLibrary">
<arg>${ELEMENT}</arg>
<arg>timeout=${TIMEOUT}</arg>
<doc>Waits until the element ``locator`` is visible.</doc>
<status status="PASS" starttime="20240115 11:19:28.655" endtime="20240115 11:19:28.706"/>
</kw>
<kw name="Click Element" library="SeleniumLibrary">
<arg>${ELEMENT}</arg>
<doc>Click the element identified by ``locator``.</doc>
<msg timestamp="20240115 11:19:28.707" level="INFO">Clicking element '//input[contains(@aria-label,'Informe CPF ou Nº TudoAzul')]'.</msg>
<status status="PASS" starttime="20240115 11:19:28.706" endtime="20240115 11:19:28.842"/>
</kw>
<status status="PASS" starttime="20240115 11:19:28.653" endtime="20240115 11:19:28.842"/>
</kw>
<if>
<branch type="IF" condition="&quot;${USER}&quot; == &quot;Tudo Azul&quot;">
<kw name="Wait and Input Text" library="helpers">
<arg>${login.CAMPO_LOGIN}</arg>
<arg>${TA_1}</arg>
<doc>Keyword responsável por aguardar o elemento estar visível e digitar o texto.</doc>
<kw name="Wait Until Element Is Visible" library="SeleniumLibrary">
<arg>${ELEMENT}</arg>
<doc>Waits until the element ``locator`` is visible.</doc>
<status status="PASS" starttime="20240115 11:19:28.845" endtime="20240115 11:19:28.893"/>
</kw>
<kw name="Input Text" library="SeleniumLibrary">
<arg>${ELEMENT}</arg>
<arg>${TEXT}</arg>
<doc>Types the given ``text`` into the text field identified by ``locator``.</doc>
<msg timestamp="20240115 11:19:28.894" level="INFO">Typing text '18124874360' into text field '//input[contains(@aria-label,'Informe CPF ou Nº TudoAzul')]'.</msg>
<status status="PASS" starttime="20240115 11:19:28.893" endtime="20240115 11:19:29.259"/>
</kw>
<status status="PASS" starttime="20240115 11:19:28.842" endtime="20240115 11:19:29.260"/>
</kw>
<kw name="Wait and Input Text" library="helpers">
<arg>${login.CAMPO_SENHA}</arg>
<arg>${PWD}</arg>
<doc>Keyword responsável por aguardar o elemento estar visível e digitar o texto.</doc>
<kw name="Wait Until Element Is Visible" library="SeleniumLibrary">
<arg>${ELEMENT}</arg>
<doc>Waits until the element ``locator`` is visible.</doc>
<status status="PASS" starttime="20240115 11:19:29.260" endtime="20240115 11:19:29.563"/>
</kw>
<kw name="Input Text" library="SeleniumLibrary">
<arg>${ELEMENT}</arg>
<arg>${TEXT}</arg>
<doc>Types the given ``text`` into the text field identified by ``locator``.</doc>
<msg timestamp="20240115 11:19:29.564" level="INFO">Typing text 'Azul2023**' into text field '//input[contains(@type,'password')]'.</msg>
<status status="PASS" starttime="20240115 11:19:29.564" endtime="20240115 11:19:29.789"/>
</kw>
<status status="PASS" starttime="20240115 11:19:29.260" endtime="20240115 11:19:29.789"/>
</kw>
<status status="PASS" starttime="20240115 11:19:28.842" endtime="20240115 11:19:29.789"/>
</branch>
<branch type="ELSE IF" condition="&quot;${USER}&quot; == &quot;Tudo Azul II&quot;">
<kw name="Wait and Input Text" library="helpers">
<arg>${login.CAMPO_LOGIN}</arg>
<arg>${TA_2}</arg>
<doc>Keyword responsável por aguardar o elemento estar visível e digitar o texto.</doc>
<status status="NOT RUN" starttime="20240115 11:19:29.790" endtime="20240115 11:19:29.790"/>
</kw>
<kw name="Wait and Input Text" library="helpers">
<arg>${login.CAMPO_SENHA}</arg>
<arg>${PWD}</arg>
<doc>Keyword responsável por aguardar o elemento estar visível e digitar o texto.</doc>
<status status="NOT RUN" starttime="20240115 11:19:29.790" endtime="20240115 11:19:29.790"/>
</kw>
<status status="NOT RUN" starttime="20240115 11:19:29.789" endtime="20240115 11:19:29.790"/>
</branch>
<branch type="ELSE IF" condition="&quot;${USER}&quot; == &quot;Safira I&quot;">
<kw name="Wait and Input Text" library="helpers">
<arg>${login.CAMPO_LOGIN}</arg>
<arg>${SAFIRA_1}</arg>
<doc>Keyword responsável por aguardar o elemento estar visível e digitar o texto.</doc>
<status status="NOT RUN" starttime="20240115 11:19:29.791" endtime="20240115 11:19:29.791"/>
</kw>
<kw name="Wait and Input Text" library="helpers">
<arg>${login.CAMPO_SENHA}</arg>
<arg>${PWD}</arg>
<doc>Keyword responsável por aguardar o elemento estar visível e digitar o texto.</doc>
<status status="NOT RUN" starttime="20240115 11:19:29.791" endtime="20240115 11:19:29.791"/>
</kw>
<status status="NOT RUN" starttime="20240115 11:19:29.790" endtime="20240115 11:19:29.791"/>
</branch>
<branch type="ELSE IF" condition="&quot;${USER}&quot; == &quot;Diamante I&quot;">
<kw name="Wait and Input Text" library="helpers">
<arg>${login.CAMPO_LOGIN}</arg>
<arg>${DIAMANTE_1}</arg>
<doc>Keyword responsável por aguardar o elemento estar visível e digitar o texto.</doc>
<status status="NOT RUN" starttime="20240115 11:19:29.791" endtime="20240115 11:19:29.791"/>
</kw>
<kw name="Wait and Input Text" library="helpers">
<arg>${login.CAMPO_SENHA}</arg>
<arg>${PWD}</arg>
<doc>Keyword responsável por aguardar o elemento estar visível e digitar o texto.</doc>
<status status="NOT RUN" starttime="20240115 11:19:29.791" endtime="20240115 11:19:29.791"/>
</kw>
<status status="NOT RUN" starttime="20240115 11:19:29.791" endtime="20240115 11:19:29.791"/>
</branch>
<branch type="ELSE">
<kw name="Wait and Input Text" library="helpers">
<arg>${login.CAMPO_LOGIN}</arg>
<arg>${TA+_1}</arg>
<doc>Keyword responsável por aguardar o elemento estar visível e digitar o texto.</doc>
<status status="NOT RUN" starttime="20240115 11:19:29.791" endtime="20240115 11:19:29.792"/>
</kw>
<kw name="Wait and Input Text" library="helpers">
<arg>${login.CAMPO_SENHA}</arg>
<arg>${PWD}</arg>
<doc>Keyword responsável por aguardar o elemento estar visível e digitar o texto.</doc>
<status status="NOT RUN" starttime="20240115 11:19:29.792" endtime="20240115 11:19:29.792"/>
</kw>
<status status="NOT RUN" starttime="20240115 11:19:29.791" endtime="20240115 11:19:29.792"/>
</branch>
<status status="PASS" starttime="20240115 11:19:28.842" endtime="20240115 11:19:29.792"/>
</if>
<status status="PASS" starttime="20240115 11:19:28.653" endtime="20240115 11:19:29.792"/>
</kw>
<kw name="Wait and Click Element" library="helpers">
<arg>${login.BTN_ENTRAR_TA}</arg>
<doc>Keyword responsável por aguardar o elemento estar visível e clicar.</doc>
<kw name="Wait Until Element Is Visible" library="SeleniumLibrary">
<arg>${ELEMENT}</arg>
<arg>timeout=${TIMEOUT}</arg>
<doc>Waits until the element ``locator`` is visible.</doc>
<status status="PASS" starttime="20240115 11:19:29.793" endtime="20240115 11:19:29.826"/>
</kw>
<kw name="Click Element" library="SeleniumLibrary">
<arg>${ELEMENT}</arg>
<doc>Click the element identified by ``locator``.</doc>
<msg timestamp="20240115 11:19:29.827" level="INFO">Clicking element '//*[text()='Entrar no TudoAzul']'.</msg>
<status status="PASS" starttime="20240115 11:19:29.826" endtime="20240115 11:19:29.980"/>
</kw>
<status status="PASS" starttime="20240115 11:19:29.792" endtime="20240115 11:19:29.980"/>
</kw>
<status status="PASS" starttime="20240115 11:19:14.979" endtime="20240115 11:19:29.980"/>
</kw>
<kw name="Dado que seleciono a forma de parcelamento" library="pagamentos_resources">
<while condition="True">
<iter>
<kw name="Run Keyword And Return Status" library="BuiltIn">
<var>${status}</var>
<arg>Click Element</arg>
<arg>${pagamentos.SLC_PARC}</arg>
<doc>Runs the given keyword with given arguments and returns the status as a Boolean value.</doc>
<kw name="Click Element" library="SeleniumLibrary">
<arg>${pagamentos.SLC_PARC}</arg>
<doc>Click the element identified by ``locator``.</doc>
<msg timestamp="20240115 11:19:29.983" level="INFO">Clicking element '//div[text()='Em quantas vezes quer pagar?']'.</msg>
<msg timestamp="20240115 11:19:30.425" level="INFO" html="true">&lt;/td&gt;&lt;/tr&gt;&lt;tr&gt;&lt;td colspan="3"&gt;&lt;a href="selenium-screenshot-8.png"&gt;&lt;img src="selenium-screenshot-8.png" width="800px"&gt;&lt;/a&gt;</msg>
<msg timestamp="20240115 11:19:30.425" level="FAIL">Element with locator '//div[text()='Em quantas vezes quer pagar?']' not found.</msg>
<status status="FAIL" starttime="20240115 11:19:29.982" endtime="20240115 11:19:30.435"/>
</kw>
<msg timestamp="20240115 11:19:30.436" level="INFO">${status} = False</msg>
<status status="PASS" starttime="20240115 11:19:29.982" endtime="20240115 11:19:30.436"/>
</kw>
<if>
<branch type="IF" condition="${status}">
<break>
<status status="NOT RUN" starttime="20240115 11:19:30.436" endtime="20240115 11:19:30.437"/>
</break>
<status status="NOT RUN" starttime="20240115 11:19:30.436" endtime="20240115 11:19:30.437"/>
</branch>
<status status="PASS" starttime="20240115 11:19:30.436" endtime="20240115 11:19:30.437"/>
</if>
<kw name="Press Keys" library="SeleniumLibrary">
<arg>${None}</arg>
<arg>ARROW_DOWN</arg>
<doc>Simulates the user pressing key(s) to an element or on the active browser.</doc>
<msg timestamp="20240115 11:19:30.438" level="INFO">Sending key(s) ('ARROW_DOWN',) to page.</msg>
<msg timestamp="20240115 11:19:30.438" level="INFO">Pressing special key ARROW_DOWN to browser.</msg>
<msg timestamp="20240115 11:19:30.438" level="INFO">Releasing special key ARROW_DOWN.</msg>
<status status="PASS" starttime="20240115 11:19:30.437" endtime="20240115 11:19:30.447"/>
</kw>
<status status="PASS" starttime="20240115 11:19:29.981" endtime="20240115 11:19:30.447"/>
</iter>
<iter>
<kw name="Run Keyword And Return Status" library="BuiltIn">
<var>${status}</var>
<arg>Click Element</arg>
<arg>${pagamentos.SLC_PARC}</arg>
<doc>Runs the given keyword with given arguments and returns the status as a Boolean value.</doc>
<kw name="Click Element" library="SeleniumLibrary">
<arg>${pagamentos.SLC_PARC}</arg>
<doc>Click the element identified by ``locator``.</doc>
<msg timestamp="20240115 11:19:30.449" level="INFO">Clicking element '//div[text()='Em quantas vezes quer pagar?']'.</msg>
<msg timestamp="20240115 11:19:30.946" level="INFO" html="true">&lt;/td&gt;&lt;/tr&gt;&lt;tr&gt;&lt;td colspan="3"&gt;&lt;a href="selenium-screenshot-9.png"&gt;&lt;img src="selenium-screenshot-9.png" width="800px"&gt;&lt;/a&gt;</msg>
<msg timestamp="20240115 11:19:30.946" level="FAIL">Element with locator '//div[text()='Em quantas vezes quer pagar?']' not found.</msg>
<status status="FAIL" starttime="20240115 11:19:30.448" endtime="20240115 11:19:30.947"/>
</kw>
<msg timestamp="20240115 11:19:30.947" level="INFO">${status} = False</msg>
<status status="PASS" starttime="20240115 11:19:30.447" endtime="20240115 11:19:30.947"/>
</kw>
<if>
<branch type="IF" condition="${status}">
<break>
<status status="NOT RUN" starttime="20240115 11:19:30.948" endtime="20240115 11:19:30.948"/>
</break>
<status status="NOT RUN" starttime="20240115 11:19:30.947" endtime="20240115 11:19:30.948"/>
</branch>
<status status="PASS" starttime="20240115 11:19:30.947" endtime="20240115 11:19:30.948"/>
</if>
<kw name="Press Keys" library="SeleniumLibrary">
<arg>${None}</arg>
<arg>ARROW_DOWN</arg>
<doc>Simulates the user pressing key(s) to an element or on the active browser.</doc>
<msg timestamp="20240115 11:19:30.948" level="INFO">Sending key(s) ('ARROW_DOWN',) to page.</msg>
<msg timestamp="20240115 11:19:30.948" level="INFO">Pressing special key ARROW_DOWN to browser.</msg>
<msg timestamp="20240115 11:19:30.948" level="INFO">Releasing special key ARROW_DOWN.</msg>
<status status="PASS" starttime="20240115 11:19:30.948" endtime="20240115 11:19:30.980"/>
</kw>
<status status="PASS" starttime="20240115 11:19:30.447" endtime="20240115 11:19:30.980"/>
</iter>
<iter>
<kw name="Run Keyword And Return Status" library="BuiltIn">
<var>${status}</var>
<arg>Click Element</arg>
<arg>${pagamentos.SLC_PARC}</arg>
<doc>Runs the given keyword with given arguments and returns the status as a Boolean value.</doc>
<kw name="Click Element" library="SeleniumLibrary">
<arg>${pagamentos.SLC_PARC}</arg>
<doc>Click the element identified by ``locator``.</doc>
<msg timestamp="20240115 11:19:30.983" level="INFO">Clicking element '//div[text()='Em quantas vezes quer pagar?']'.</msg>
<msg timestamp="20240115 11:19:31.580" level="INFO" html="true">&lt;/td&gt;&lt;/tr&gt;&lt;tr&gt;&lt;td colspan="3"&gt;&lt;a href="selenium-screenshot-10.png"&gt;&lt;img src="selenium-screenshot-10.png" width="800px"&gt;&lt;/a&gt;</msg>
<msg timestamp="20240115 11:19:31.580" level="FAIL">Element with locator '//div[text()='Em quantas vezes quer pagar?']' not found.</msg>
<status status="FAIL" starttime="20240115 11:19:30.981" endtime="20240115 11:19:31.582"/>
</kw>
<msg timestamp="20240115 11:19:31.582" level="INFO">${status} = False</msg>
<status status="PASS" starttime="20240115 11:19:30.981" endtime="20240115 11:19:31.582"/>
</kw>
<if>
<branch type="IF" condition="${status}">
<break>
<status status="NOT RUN" starttime="20240115 11:19:31.582" endtime="20240115 11:19:31.582"/>
</break>
<status status="NOT RUN" starttime="20240115 11:19:31.582" endtime="20240115 11:19:31.582"/>
</branch>
<status status="PASS" starttime="20240115 11:19:31.582" endtime="20240115 11:19:31.582"/>
</if>
<kw name="Press Keys" library="SeleniumLibrary">
<arg>${None}</arg>
<arg>ARROW_DOWN</arg>
<doc>Simulates the user pressing key(s) to an element or on the active browser.</doc>
<msg timestamp="20240115 11:19:31.583" level="INFO">Sending key(s) ('ARROW_DOWN',) to page.</msg>
<msg timestamp="20240115 11:19:31.583" level="INFO">Pressing special key ARROW_DOWN to browser.</msg>
<msg timestamp="20240115 11:19:31.583" level="INFO">Releasing special key ARROW_DOWN.</msg>
<status status="PASS" starttime="20240115 11:19:31.583" endtime="20240115 11:19:31.599"/>
</kw>
<status status="PASS" starttime="20240115 11:19:30.980" endtime="20240115 11:19:31.599"/>
</iter>
<iter>
<kw name="Run Keyword And Return Status" library="BuiltIn">
<var>${status}</var>
<arg>Click Element</arg>
<arg>${pagamentos.SLC_PARC}</arg>
<doc>Runs the given keyword with given arguments and returns the status as a Boolean value.</doc>
<kw name="Click Element" library="SeleniumLibrary">
<arg>${pagamentos.SLC_PARC}</arg>
<doc>Click the element identified by ``locator``.</doc>
<msg timestamp="20240115 11:19:31.601" level="INFO">Clicking element '//div[text()='Em quantas vezes quer pagar?']'.</msg>
<msg timestamp="20240115 11:19:32.180" level="INFO" html="true">&lt;/td&gt;&lt;/tr&gt;&lt;tr&gt;&lt;td colspan="3"&gt;&lt;a href="selenium-screenshot-11.png"&gt;&lt;img src="selenium-screenshot-11.png" width="800px"&gt;&lt;/a&gt;</msg>
<msg timestamp="20240115 11:19:32.180" level="FAIL">Element with locator '//div[text()='Em quantas vezes quer pagar?']' not found.</msg>
<status status="FAIL" starttime="20240115 11:19:31.600" endtime="20240115 11:19:32.182"/>
</kw>
<msg timestamp="20240115 11:19:32.182" level="INFO">${status} = False</msg>
<status status="PASS" starttime="20240115 11:19:31.600" endtime="20240115 11:19:32.182"/>
</kw>
<if>
<branch type="IF" condition="${status}">
<break>
<status status="NOT RUN" starttime="20240115 11:19:32.182" endtime="20240115 11:19:32.182"/>
</break>
<status status="NOT RUN" starttime="20240115 11:19:32.182" endtime="20240115 11:19:32.182"/>
</branch>
<status status="PASS" starttime="20240115 11:19:32.182" endtime="20240115 11:19:32.182"/>
</if>
<kw name="Press Keys" library="SeleniumLibrary">
<arg>${None}</arg>
<arg>ARROW_DOWN</arg>
<doc>Simulates the user pressing key(s) to an element or on the active browser.</doc>
<msg timestamp="20240115 11:19:32.183" level="INFO">Sending key(s) ('ARROW_DOWN',) to page.</msg>
<msg timestamp="20240115 11:19:32.183" level="INFO">Pressing special key ARROW_DOWN to browser.</msg>
<msg timestamp="20240115 11:19:32.183" level="INFO">Releasing special key ARROW_DOWN.</msg>
<status status="PASS" starttime="20240115 11:19:32.182" endtime="20240115 11:19:32.206"/>
</kw>
<status status="PASS" starttime="20240115 11:19:31.599" endtime="20240115 11:19:32.206"/>
</iter>
<iter>
<kw name="Run Keyword And Return Status" library="BuiltIn">
<var>${status}</var>
<arg>Click Element</arg>
<arg>${pagamentos.SLC_PARC}</arg>
<doc>Runs the given keyword with given arguments and returns the status as a Boolean value.</doc>
<kw name="Click Element" library="SeleniumLibrary">
<arg>${pagamentos.SLC_PARC}</arg>
<doc>Click the element identified by ``locator``.</doc>
<msg timestamp="20240115 11:19:32.209" level="INFO">Clicking element '//div[text()='Em quantas vezes quer pagar?']'.</msg>
<msg timestamp="20240115 11:19:32.673" level="INFO" html="true">&lt;/td&gt;&lt;/tr&gt;&lt;tr&gt;&lt;td colspan="3"&gt;&lt;a href="selenium-screenshot-12.png"&gt;&lt;img src="selenium-screenshot-12.png" width="800px"&gt;&lt;/a&gt;</msg>
<msg timestamp="20240115 11:19:32.673" level="FAIL">Element with locator '//div[text()='Em quantas vezes quer pagar?']' not found.</msg>
<status status="FAIL" starttime="20240115 11:19:32.207" endtime="20240115 11:19:32.675"/>
</kw>
<msg timestamp="20240115 11:19:32.675" level="INFO">${status} = False</msg>
<status status="PASS" starttime="20240115 11:19:32.206" endtime="20240115 11:19:32.675"/>
</kw>
<if>
<branch type="IF" condition="${status}">
<break>
<status status="NOT RUN" starttime="20240115 11:19:32.675" endtime="20240115 11:19:32.675"/>
</break>
<status status="NOT RUN" starttime="20240115 11:19:32.675" endtime="20240115 11:19:32.676"/>
</branch>
<status status="PASS" starttime="20240115 11:19:32.675" endtime="20240115 11:19:32.676"/>
</if>
<kw name="Press Keys" library="SeleniumLibrary">
<arg>${None}</arg>
<arg>ARROW_DOWN</arg>
<doc>Simulates the user pressing key(s) to an element or on the active browser.</doc>
<msg timestamp="20240115 11:19:32.676" level="INFO">Sending key(s) ('ARROW_DOWN',) to page.</msg>
<msg timestamp="20240115 11:19:32.676" level="INFO">Pressing special key ARROW_DOWN to browser.</msg>
<msg timestamp="20240115 11:19:32.676" level="INFO">Releasing special key ARROW_DOWN.</msg>
<status status="PASS" starttime="20240115 11:19:32.676" endtime="20240115 11:19:32.683"/>
</kw>
<status status="PASS" starttime="20240115 11:19:32.206" endtime="20240115 11:19:32.683"/>
</iter>
<iter>
<kw name="Run Keyword And Return Status" library="BuiltIn">
<var>${status}</var>
<arg>Click Element</arg>
<arg>${pagamentos.SLC_PARC}</arg>
<doc>Runs the given keyword with given arguments and returns the status as a Boolean value.</doc>
<kw name="Click Element" library="SeleniumLibrary">
<arg>${pagamentos.SLC_PARC}</arg>
<doc>Click the element identified by ``locator``.</doc>
<msg timestamp="20240115 11:19:32.685" level="INFO">Clicking element '//div[text()='Em quantas vezes quer pagar?']'.</msg>
<msg timestamp="20240115 11:19:33.078" level="INFO" html="true">&lt;/td&gt;&lt;/tr&gt;&lt;tr&gt;&lt;td colspan="3"&gt;&lt;a href="selenium-screenshot-13.png"&gt;&lt;img src="selenium-screenshot-13.png" width="800px"&gt;&lt;/a&gt;</msg>
<msg timestamp="20240115 11:19:33.078" level="FAIL">Element with locator '//div[text()='Em quantas vezes quer pagar?']' not found.</msg>
<status status="FAIL" starttime="20240115 11:19:32.684" endtime="20240115 11:19:33.080"/>
</kw>
<msg timestamp="20240115 11:19:33.080" level="INFO">${status} = False</msg>
<status status="PASS" starttime="20240115 11:19:32.684" endtime="20240115 11:19:33.080"/>
</kw>
<if>
<branch type="IF" condition="${status}">
<break>
<status status="NOT RUN" starttime="20240115 11:19:33.080" endtime="20240115 11:19:33.080"/>
</break>
<status status="NOT RUN" starttime="20240115 11:19:33.080" endtime="20240115 11:19:33.080"/>
</branch>
<status status="PASS" starttime="20240115 11:19:33.080" endtime="20240115 11:19:33.080"/>
</if>
<kw name="Press Keys" library="SeleniumLibrary">
<arg>${None}</arg>
<arg>ARROW_DOWN</arg>
<doc>Simulates the user pressing key(s) to an element or on the active browser.</doc>
<msg timestamp="20240115 11:19:33.081" level="INFO">Sending key(s) ('ARROW_DOWN',) to page.</msg>
<msg timestamp="20240115 11:19:33.081" level="INFO">Pressing special key ARROW_DOWN to browser.</msg>
<msg timestamp="20240115 11:19:33.081" level="INFO">Releasing special key ARROW_DOWN.</msg>
<status status="PASS" starttime="20240115 11:19:33.081" endtime="20240115 11:19:33.095"/>
</kw>
<status status="PASS" starttime="20240115 11:19:32.683" endtime="20240115 11:19:33.095"/>
</iter>
<iter>
<kw name="Run Keyword And Return Status" library="BuiltIn">
<var>${status}</var>
<arg>Click Element</arg>
<arg>${pagamentos.SLC_PARC}</arg>
<doc>Runs the given keyword with given arguments and returns the status as a Boolean value.</doc>
<kw name="Click Element" library="SeleniumLibrary">
<arg>${pagamentos.SLC_PARC}</arg>
<doc>Click the element identified by ``locator``.</doc>
<msg timestamp="20240115 11:19:33.098" level="INFO">Clicking element '//div[text()='Em quantas vezes quer pagar?']'.</msg>
<msg timestamp="20240115 11:19:33.526" level="INFO" html="true">&lt;/td&gt;&lt;/tr&gt;&lt;tr&gt;&lt;td colspan="3"&gt;&lt;a href="selenium-screenshot-14.png"&gt;&lt;img src="selenium-screenshot-14.png" width="800px"&gt;&lt;/a&gt;</msg>
<msg timestamp="20240115 11:19:33.526" level="FAIL">Element with locator '//div[text()='Em quantas vezes quer pagar?']' not found.</msg>
<status status="FAIL" starttime="20240115 11:19:33.096" endtime="20240115 11:19:33.528"/>
</kw>
<msg timestamp="20240115 11:19:33.528" level="INFO">${status} = False</msg>
<status status="PASS" starttime="20240115 11:19:33.096" endtime="20240115 11:19:33.528"/>
</kw>
<if>
<branch type="IF" condition="${status}">
<break>
<status status="NOT RUN" starttime="20240115 11:19:33.529" endtime="20240115 11:19:33.529"/>
</break>
<status status="NOT RUN" starttime="20240115 11:19:33.528" endtime="20240115 11:19:33.529"/>
</branch>
<status status="PASS" starttime="20240115 11:19:33.528" endtime="20240115 11:19:33.529"/>
</if>
<kw name="Press Keys" library="SeleniumLibrary">
<arg>${None}</arg>
<arg>ARROW_DOWN</arg>
<doc>Simulates the user pressing key(s) to an element or on the active browser.</doc>
<msg timestamp="20240115 11:19:33.530" level="INFO">Sending key(s) ('ARROW_DOWN',) to page.</msg>
<msg timestamp="20240115 11:19:33.530" level="INFO">Pressing special key ARROW_DOWN to browser.</msg>
<msg timestamp="20240115 11:19:33.530" level="INFO">Releasing special key ARROW_DOWN.</msg>
<status status="PASS" starttime="20240115 11:19:33.529" endtime="20240115 11:19:33.545"/>
</kw>
<status status="PASS" starttime="20240115 11:19:33.095" endtime="20240115 11:19:33.545"/>
</iter>
<iter>
<kw name="Run Keyword And Return Status" library="BuiltIn">
<var>${status}</var>
<arg>Click Element</arg>
<arg>${pagamentos.SLC_PARC}</arg>
<doc>Runs the given keyword with given arguments and returns the status as a Boolean value.</doc>
<kw name="Click Element" library="SeleniumLibrary">
<arg>${pagamentos.SLC_PARC}</arg>
<doc>Click the element identified by ``locator``.</doc>
<msg timestamp="20240115 11:19:33.547" level="INFO">Clicking element '//div[text()='Em quantas vezes quer pagar?']'.</msg>
<msg timestamp="20240115 11:19:33.932" level="INFO" html="true">&lt;/td&gt;&lt;/tr&gt;&lt;tr&gt;&lt;td colspan="3"&gt;&lt;a href="selenium-screenshot-15.png"&gt;&lt;img src="selenium-screenshot-15.png" width="800px"&gt;&lt;/a&gt;</msg>
<msg timestamp="20240115 11:19:33.932" level="FAIL">Element with locator '//div[text()='Em quantas vezes quer pagar?']' not found.</msg>
<status status="FAIL" starttime="20240115 11:19:33.546" endtime="20240115 11:19:33.933"/>
</kw>
<msg timestamp="20240115 11:19:33.933" level="INFO">${status} = False</msg>
<status status="PASS" starttime="20240115 11:19:33.545" endtime="20240115 11:19:33.933"/>
</kw>
<if>
<branch type="IF" condition="${status}">
<break>
<status status="NOT RUN" starttime="20240115 11:19:33.933" endtime="20240115 11:19:33.933"/>
</break>
<status status="NOT RUN" starttime="20240115 11:19:33.933" endtime="20240115 11:19:33.933"/>
</branch>
<status status="PASS" starttime="20240115 11:19:33.933" endtime="20240115 11:19:33.933"/>
</if>
<kw name="Press Keys" library="SeleniumLibrary">
<arg>${None}</arg>
<arg>ARROW_DOWN</arg>
<doc>Simulates the user pressing key(s) to an element or on the active browser.</doc>
<msg timestamp="20240115 11:19:33.934" level="INFO">Sending key(s) ('ARROW_DOWN',) to page.</msg>
<msg timestamp="20240115 11:19:33.934" level="INFO">Pressing special key ARROW_DOWN to browser.</msg>
<msg timestamp="20240115 11:19:33.934" level="INFO">Releasing special key ARROW_DOWN.</msg>
<status status="PASS" starttime="20240115 11:19:33.933" endtime="20240115 11:19:33.948"/>
</kw>
<status status="PASS" starttime="20240115 11:19:33.545" endtime="20240115 11:19:33.948"/>
</iter>
<iter>
<kw name="Run Keyword And Return Status" library="BuiltIn">
<var>${status}</var>
<arg>Click Element</arg>
<arg>${pagamentos.SLC_PARC}</arg>
<doc>Runs the given keyword with given arguments and returns the status as a Boolean value.</doc>
<kw name="Click Element" library="SeleniumLibrary">
<arg>${pagamentos.SLC_PARC}</arg>
<doc>Click the element identified by ``locator``.</doc>
<msg timestamp="20240115 11:19:33.951" level="INFO">Clicking element '//div[text()='Em quantas vezes quer pagar?']'.</msg>
<msg timestamp="20240115 11:19:34.398" level="INFO" html="true">&lt;/td&gt;&lt;/tr&gt;&lt;tr&gt;&lt;td colspan="3"&gt;&lt;a href="selenium-screenshot-16.png"&gt;&lt;img src="selenium-screenshot-16.png" width="800px"&gt;&lt;/a&gt;</msg>
<msg timestamp="20240115 11:19:34.398" level="FAIL">Element with locator '//div[text()='Em quantas vezes quer pagar?']' not found.</msg>
<status status="FAIL" starttime="20240115 11:19:33.949" endtime="20240115 11:19:34.399"/>
</kw>
<msg timestamp="20240115 11:19:34.399" level="INFO">${status} = False</msg>
<status status="PASS" starttime="20240115 11:19:33.948" endtime="20240115 11:19:34.399"/>
</kw>
<if>
<branch type="IF" condition="${status}">
<break>
<status status="NOT RUN" starttime="20240115 11:19:34.399" endtime="20240115 11:19:34.399"/>
</break>
<status status="NOT RUN" starttime="20240115 11:19:34.399" endtime="20240115 11:19:34.400"/>
</branch>
<status status="PASS" starttime="20240115 11:19:34.399" endtime="20240115 11:19:34.400"/>
</if>
<kw name="Press Keys" library="SeleniumLibrary">
<arg>${None}</arg>
<arg>ARROW_DOWN</arg>
<doc>Simulates the user pressing key(s) to an element or on the active browser.</doc>
<msg timestamp="20240115 11:19:34.401" level="INFO">Sending key(s) ('ARROW_DOWN',) to page.</msg>
<msg timestamp="20240115 11:19:34.401" level="INFO">Pressing special key ARROW_DOWN to browser.</msg>
<msg timestamp="20240115 11:19:34.401" level="INFO">Releasing special key ARROW_DOWN.</msg>
<status status="PASS" starttime="20240115 11:19:34.400" endtime="20240115 11:19:34.417"/>
</kw>
<status status="PASS" starttime="20240115 11:19:33.948" endtime="20240115 11:19:34.417"/>
</iter>
<iter>
<kw name="Run Keyword And Return Status" library="BuiltIn">
<var>${status}</var>
<arg>Click Element</arg>
<arg>${pagamentos.SLC_PARC}</arg>
<doc>Runs the given keyword with given arguments and returns the status as a Boolean value.</doc>
<kw name="Click Element" library="SeleniumLibrary">
<arg>${pagamentos.SLC_PARC}</arg>
<doc>Click the element identified by ``locator``.</doc>
<msg timestamp="20240115 11:19:34.421" level="INFO">Clicking element '//div[text()='Em quantas vezes quer pagar?']'.</msg>
<msg timestamp="20240115 11:19:34.811" level="INFO" html="true">&lt;/td&gt;&lt;/tr&gt;&lt;tr&gt;&lt;td colspan="3"&gt;&lt;a href="selenium-screenshot-17.png"&gt;&lt;img src="selenium-screenshot-17.png" width="800px"&gt;&lt;/a&gt;</msg>
<msg timestamp="20240115 11:19:34.811" level="FAIL">Element with locator '//div[text()='Em quantas vezes quer pagar?']' not found.</msg>
<status status="FAIL" starttime="20240115 11:19:34.418" endtime="20240115 11:19:34.812"/>
</kw>
<msg timestamp="20240115 11:19:34.813" level="INFO">${status} = False</msg>
<status status="PASS" starttime="20240115 11:19:34.418" endtime="20240115 11:19:34.813"/>
</kw>
<if>
<branch type="IF" condition="${status}">
<break>
<status status="NOT RUN" starttime="20240115 11:19:34.813" endtime="20240115 11:19:34.813"/>
</break>
<status status="NOT RUN" starttime="20240115 11:19:34.813" endtime="20240115 11:19:34.813"/>
</branch>
<status status="PASS" starttime="20240115 11:19:34.813" endtime="20240115 11:19:34.813"/>
</if>
<kw name="Press Keys" library="SeleniumLibrary">
<arg>${None}</arg>
<arg>ARROW_DOWN</arg>
<doc>Simulates the user pressing key(s) to an element or on the active browser.</doc>
<msg timestamp="20240115 11:19:34.813" level="INFO">Sending key(s) ('ARROW_DOWN',) to page.</msg>
<msg timestamp="20240115 11:19:34.813" level="INFO">Pressing special key ARROW_DOWN to browser.</msg>
<msg timestamp="20240115 11:19:34.813" level="INFO">Releasing special key ARROW_DOWN.</msg>
<status status="PASS" starttime="20240115 11:19:34.813" endtime="20240115 11:19:34.821"/>
</kw>
<status status="PASS" starttime="20240115 11:19:34.417" endtime="20240115 11:19:34.821"/>
</iter>
<iter>
<kw name="Run Keyword And Return Status" library="BuiltIn">
<var>${status}</var>
<arg>Click Element</arg>
<arg>${pagamentos.SLC_PARC}</arg>
<doc>Runs the given keyword with given arguments and returns the status as a Boolean value.</doc>
<kw name="Click Element" library="SeleniumLibrary">
<arg>${pagamentos.SLC_PARC}</arg>
<doc>Click the element identified by ``locator``.</doc>
<msg timestamp="20240115 11:19:34.825" level="INFO">Clicking element '//div[text()='Em quantas vezes quer pagar?']'.</msg>
<msg timestamp="20240115 11:19:35.246" level="INFO" html="true">&lt;/td&gt;&lt;/tr&gt;&lt;tr&gt;&lt;td colspan="3"&gt;&lt;a href="selenium-screenshot-18.png"&gt;&lt;img src="selenium-screenshot-18.png" width="800px"&gt;&lt;/a&gt;</msg>
<msg timestamp="20240115 11:19:35.246" level="FAIL">Element with locator '//div[text()='Em quantas vezes quer pagar?']' not found.</msg>
[...]
<branch type="IF" condition="${status}">
<break>
<status status="NOT RUN" starttime="20240115 11:21:21.240" endtime="20240115 11:21:21.240"/>
</break>
<status status="NOT RUN" starttime="20240115 11:21:21.240" endtime="20240115 11:21:21.240"/>
</branch>
<status status="PASS" starttime="20240115 11:21:21.240" endtime="20240115 11:21:21.240"/>
</if>
<kw name="Press Keys" library="SeleniumLibrary">
<arg>${None}</arg>
<arg>ARROW_DOWN</arg>
<doc>Simulates the user pressing key(s) to an element or on the active browser.</doc>
<msg timestamp="20240115 11:21:21.242" level="INFO">Sending key(s) ('ARROW_DOWN',) to page.</msg>
<msg timestamp="20240115 11:21:21.242" level="INFO">Pressing special key ARROW_DOWN to browser.</msg>
<msg timestamp="20240115 11:21:21.242" level="INFO">Releasing special key ARROW_DOWN.</msg>
<status status="PASS" starttime="20240115 11:21:21.241" endtime="20240115 11:21:21.259"/>
</kw>
<status status="PASS" starttime="20240115 11:21:20.888" endtime="20240115 11:21:21.260"/>
</iter>
<iter>
<kw name="Run Keyword And Return Status" library="BuiltIn">
<var>${status}</var>
<arg>Click Element</arg>
<arg>${pagamentos.SLC_PARC}</arg>
<doc>Runs the given keyword with given arguments and returns the status as a Boolean value.</doc>
<kw name="Click Element" library="SeleniumLibrary">
<arg>${pagamentos.SLC_PARC}</arg>
<doc>Click the element identified by ``locator``.</doc>
<msg timestamp="20240115 11:21:21.263" level="INFO">Clicking element '//div[text()='Em quantas vezes quer pagar?']'.</msg>
<msg timestamp="20240115 11:21:21.648" level="INFO" html="true">&lt;/td&gt;&lt;/tr&gt;&lt;tr&gt;&lt;td colspan="3"&gt;&lt;a href="selenium-screenshot-313.png"&gt;&lt;img src="selenium-screenshot-313.png" width="800px"&gt;&lt;/a&gt;</msg>
<msg timestamp="20240115 11:21:21.649" level="FAIL">Element with locator '//div[text()='Em quantas vezes quer pagar?']' not found.</msg>
<status status="FAIL" starttime="20240115 11:21:21.261" endtime="20240115 11:21:21.650"/>
</kw>
<msg timestamp="20240115 11:21:21.650" level="INFO">${status} = False</msg>
<status status="PASS" starttime="20240115 11:21:21.260" endtime="20240115 11:21:21.650"/>
</kw>
<if>
<branch type="IF" condition="${status}">
<break>
<status status="NOT RUN" starttime="20240115 11:21:21.650" endtime="20240115 11:21:21.650"/>
</break>
<status status="NOT RUN" starttime="20240115 11:21:21.650" endtime="20240115 11:21:21.650"/>
</branch>
<status status="PASS" starttime="20240115 11:21:21.650" endtime="20240115 11:21:21.651"/>
</if>
<kw name="Press Keys" library="SeleniumLibrary">
<arg>${None}</arg>
<arg>ARROW_DOWN</arg>
<doc>Simulates the user pressing key(s) to an element or on the active browser.</doc>
<msg timestamp="20240115 11:21:21.651" level="INFO">Sending key(s) ('ARROW_DOWN',) to page.</msg>
<msg timestamp="20240115 11:21:21.651" level="INFO">Pressing special key ARROW_DOWN to browser.</msg>
<msg timestamp="20240115 11:21:21.651" level="INFO">Releasing special key ARROW_DOWN.</msg>
<status status="PASS" starttime="20240115 11:21:21.651" endtime="20240115 11:21:21.666"/>
</kw>
<status status="PASS" starttime="20240115 11:21:21.260" endtime="20240115 11:21:21.666"/>
</iter>
<iter>
<kw name="Run Keyword And Return Status" library="BuiltIn">
<var>${status}</var>
<arg>Click Element</arg>
<arg>${pagamentos.SLC_PARC}</arg>
<doc>Runs the given keyword with given arguments and returns the status as a Boolean value.</doc>
<kw name="Click Element" library="SeleniumLibrary">
<arg>${pagamentos.SLC_PARC}</arg>
<doc>Click the element identified by ``locator``.</doc>
<msg timestamp="20240115 11:21:21.668" level="INFO">Clicking element '//div[text()='Em quantas vezes quer pagar?']'.</msg>
<msg timestamp="20240115 11:21:22.025" level="INFO" html="true">&lt;/td&gt;&lt;/tr&gt;&lt;tr&gt;&lt;td colspan="3"&gt;&lt;a href="selenium-screenshot-314.png"&gt;&lt;img src="selenium-screenshot-314.png" width="800px"&gt;&lt;/a&gt;</msg>
<msg timestamp="20240115 11:21:22.025" level="FAIL">Element with locator '//div[text()='Em quantas vezes quer pagar?']' not found.</msg>
<status status="FAIL" starttime="20240115 11:21:21.667" endtime="20240115 11:21:22.027"/>
</kw>
<msg timestamp="20240115 11:21:22.027" level="INFO">${status} = False</msg>
<status status="PASS" starttime="20240115 11:21:21.666" endtime="20240115 11:21:22.028"/>
</kw>
<if>
<branch type="IF" condition="${status}">
<break>
<status status="NOT RUN" starttime="20240115 11:21:22.032" endtime="20240115 11:21:22.032"/>
</break>
<status status="NOT RUN" starttime="20240115 11:21:22.031" endtime="20240115 11:21:22.032"/>
</branch>
<status status="PASS" starttime="20240115 11:21:22.031" endtime="20240115 11:21:22.032"/>
</if>
<kw name="Press Keys" library="SeleniumLibrary">
<arg>${None}</arg>
<arg>ARROW_DOWN</arg>
<doc>Simulates the user pressing key(s) to an element or on the active browser.</doc>
<msg timestamp="20240115 11:21:22.033" level="INFO">Sending key(s) ('ARROW_DOWN',) to page.</msg>
<msg timestamp="20240115 11:21:22.033" level="INFO">Pressing special key ARROW_DOWN to browser.</msg>
<msg timestamp="20240115 11:21:22.033" level="INFO">Releasing special key ARROW_DOWN.</msg>
<status status="PASS" starttime="20240115 11:21:22.032" endtime="20240115 11:21:22.044"/>
</kw>
<status status="PASS" starttime="20240115 11:21:21.666" endtime="20240115 11:21:22.044"/>
</iter>
<iter>
<kw name="Run Keyword And Return Status" library="BuiltIn">
<var>${status}</var>
<arg>Click Element</arg>
<arg>${pagamentos.SLC_PARC}</arg>
<doc>Runs the given keyword with given arguments and returns the status as a Boolean value.</doc>
<kw name="Click Element" library="SeleniumLibrary">
<arg>${pagamentos.SLC_PARC}</arg>
<doc>Click the element identified by ``locator``.</doc>
<msg timestamp="20240115 11:21:22.047" level="INFO">Clicking element '//div[text()='Em quantas vezes quer pagar?']'.</msg>
<msg timestamp="20240115 11:21:22.574" level="INFO" html="true">&lt;/td&gt;&lt;/tr&gt;&lt;tr&gt;&lt;td colspan="3"&gt;&lt;a href="selenium-screenshot-315.png"&gt;&lt;img src="selenium-screenshot-315.png" width="800px"&gt;&lt;/a&gt;</msg>
<msg timestamp="20240115 11:21:22.574" level="FAIL">Element with locator '//div[text()='Em quantas vezes quer pagar?']' not found.</msg>
<status status="FAIL" starttime="20240115 11:21:22.045" endtime="20240115 11:21:22.575"/>
</kw>
<msg timestamp="20240115 11:21:22.576" level="INFO">${status} = False</msg>
<status status="PASS" starttime="20240115 11:21:22.044" endtime="20240115 11:21:22.576"/>
</kw>
<if>
<branch type="IF" condition="${status}">
<break>
<status status="NOT RUN" starttime="20240115 11:21:22.576" endtime="20240115 11:21:22.576"/>
</break>
<status status="NOT RUN" starttime="20240115 11:21:22.576" endtime="20240115 11:21:22.576"/>
</branch>
<status status="PASS" starttime="20240115 11:21:22.576" endtime="20240115 11:21:22.576"/>
</if>
<kw name="Press Keys" library="SeleniumLibrary">
<arg>${None}</arg>
<arg>ARROW_DOWN</arg>
<doc>Simulates the user pressing key(s) to an element or on the active browser.</doc>
<msg timestamp="20240115 11:21:22.577" level="INFO">Sending key(s) ('ARROW_DOWN',) to page.</msg>
<msg timestamp="20240115 11:21:22.577" level="INFO">Pressing special key ARROW_DOWN to browser.</msg>
<msg timestamp="20240115 11:21:22.577" level="INFO">Releasing special key ARROW_DOWN.</msg>
<status status="PASS" starttime="20240115 11:21:22.576" endtime="20240115 11:21:22.594"/>
</kw>
<status status="PASS" starttime="20240115 11:21:22.044" endtime="20240115 11:21:22.595"/>
</iter>
<iter>
<kw name="Run Keyword And Return Status" library="BuiltIn">
<var>${status}</var>
<arg>Click Element</arg>
<arg>${pagamentos.SLC_PARC}</arg>
<doc>Runs the given keyword with given arguments and returns the status as a Boolean value.</doc>
<kw name="Click Element" library="SeleniumLibrary">
<arg>${pagamentos.SLC_PARC}</arg>
<doc>Click the element identified by ``locator``.</doc>
<msg timestamp="20240115 11:21:22.598" level="INFO">Clicking element '//div[text()='Em quantas vezes quer pagar?']'.</msg>
<msg timestamp="20240115 11:21:23.044" level="INFO" html="true">&lt;/td&gt;&lt;/tr&gt;&lt;tr&gt;&lt;td colspan="3"&gt;&lt;a href="selenium-screenshot-316.png"&gt;&lt;img src="selenium-screenshot-316.png" width="800px"&gt;&lt;/a&gt;</msg>
<msg timestamp="20240115 11:21:23.044" level="FAIL">Element with locator '//div[text()='Em quantas vezes quer pagar?']' not found.</msg>
<status status="FAIL" starttime="20240115 11:21:22.596" endtime="20240115 11:21:23.047"/>
</kw>
<msg timestamp="20240115 11:21:23.047" level="INFO">${status} = False</msg>
<status status="PASS" starttime="20240115 11:21:22.595" endtime="20240115 11:21:23.047"/>
</kw>
<if>
<branch type="IF" condition="${status}">
<break>
<status status="NOT RUN" starttime="20240115 11:21:23.048" endtime="20240115 11:21:23.048"/>
</break>
<status status="NOT RUN" starttime="20240115 11:21:23.048" endtime="20240115 11:21:23.048"/>
</branch>
<status status="PASS" starttime="20240115 11:21:23.048" endtime="20240115 11:21:23.048"/>
</if>
<kw name="Press Keys" library="SeleniumLibrary">
<arg>${None}</arg>
<arg>ARROW_DOWN</arg>
<doc>Simulates the user pressing key(s) to an element or on the active browser.</doc>
<msg timestamp="20240115 11:21:23.051" level="INFO">Sending key(s) ('ARROW_DOWN',) to page.</msg>
<msg timestamp="20240115 11:21:23.051" level="INFO">Pressing special key ARROW_DOWN to browser.</msg>
<msg timestamp="20240115 11:21:23.051" level="INFO">Releasing special key ARROW_DOWN.</msg>
<status status="PASS" starttime="20240115 11:21:23.049" endtime="20240115 11:21:23.072"/>
</kw>
<status status="PASS" starttime="20240115 11:21:22.595" endtime="20240115 11:21:23.072"/>
</iter>
<iter>
<kw name="Run Keyword And Return Status" library="BuiltIn">
<var>${status}</var>
<arg>Click Element</arg>
<arg>${pagamentos.SLC_PARC}</arg>
<doc>Runs the given keyword with given arguments and returns the status as a Boolean value.</doc>
<kw name="Click Element" library="SeleniumLibrary">
<arg>${pagamentos.SLC_PARC}</arg>
<doc>Click the element identified by ``locator``.</doc>
<msg timestamp="20240115 11:21:23.076" level="INFO">Clicking element '//div[text()='Em quantas vezes quer pagar?']'.</msg>
<msg timestamp="20240115 11:21:23.327" level="WARN">Keyword 'Capture Page Screenshot' could not be run on failure: Message: no such window: target window already closed
from unknown error: web view not found
  (Session info: chrome=120.0.6099.217)
Stacktrace:
	GetHandleVerifier [0x00007FF62E5D2142+3514994]
	(No symbol) [0x00007FF62E1F0CE2]
	(No symbol) [0x00007FF62E0976AA]
	(No symbol) [0x00007FF62E070AFD]
	(No symbol) [0x00007FF62E10CB1B]
	(No symbol) [0x00007FF62E12218F]
	(No symbol) [0x00007FF62E105D93]
	(No symbol) [0x00007FF62E0D4BDC]
	(No symbol) [0x00007FF62E0D5C64]
	GetHandleVerifier [0x00007FF62E5FE16B+3695259]
	GetHandleVerifier [0x00007FF62E656737+4057191]
	GetHandleVerifier [0x00007FF62E64E4E3+4023827]
	GetHandleVerifier [0x00007FF62E3204F9+689705]
	(No symbol) [0x00007FF62E1FC048]
	(No symbol) [0x00007FF62E1F8044]
	(No symbol) [0x00007FF62E1F81C9]
	(No symbol) [0x00007FF62E1E88C4]
	BaseThreadInitThunk [0x00007FFA86727344+20]
	RtlUserThreadStart [0x00007FFA879226B1+33]
</msg>
<msg timestamp="20240115 11:21:23.525" level="FAIL">Element with locator '//div[text()='Em quantas vezes quer pagar?']' not found.</msg>
<status status="FAIL" starttime="20240115 11:21:23.074" endtime="20240115 11:21:23.528"/>
</kw>
<msg timestamp="20240115 11:21:23.528" level="INFO">${status} = False</msg>
<status status="PASS" starttime="20240115 11:21:23.073" endtime="20240115 11:21:23.528"/>
</kw>
<if>
<branch type="IF" condition="${status}">
<break>
<status status="NOT RUN" starttime="20240115 11:21:23.528" endtime="20240115 11:21:23.528"/>
</break>
<status status="NOT RUN" starttime="20240115 11:21:23.528" endtime="20240115 11:21:23.528"/>
</branch>
<status status="PASS" starttime="20240115 11:21:23.528" endtime="20240115 11:21:23.528"/>
</if>
<kw name="Press Keys" library="SeleniumLibrary">
<arg>${None}</arg>
<arg>ARROW_DOWN</arg>
<doc>Simulates the user pressing key(s) to an element or on the active browser.</doc>
<msg timestamp="20240115 11:21:23.534" level="INFO">Sending key(s) ('ARROW_DOWN',) to page.</msg>
<msg timestamp="20240115 11:21:23.535" level="INFO">Pressing special key ARROW_DOWN to browser.</msg>
<msg timestamp="20240115 11:21:23.535" level="INFO">Releasing special key ARROW_DOWN.</msg>
<msg timestamp="20240115 11:21:23.619" level="WARN">Keyword 'Capture Page Screenshot' could not be run on failure: Message: no such window: target window already closed
from unknown error: web view not found
  (Session info: chrome=120.0.6099.217)
Stacktrace:
	GetHandleVerifier [0x00007FF62E5D2142+3514994]
	(No symbol) [0x00007FF62E1F0CE2]
	(No symbol) [0x00007FF62E0976AA]
	(No symbol) [0x00007FF62E070AFD]
	(No symbol) [0x00007FF62E10CB1B]
	(No symbol) [0x00007FF62E12218F]
	(No symbol) [0x00007FF62E105D93]
	(No symbol) [0x00007FF62E0D4BDC]
	(No symbol) [0x00007FF62E0D5C64]
	GetHandleVerifier [0x00007FF62E5FE16B+3695259]
	GetHandleVerifier [0x00007FF62E656737+4057191]
	GetHandleVerifier [0x00007FF62E64E4E3+4023827]
	GetHandleVerifier [0x00007FF62E3204F9+689705]
	(No symbol) [0x00007FF62E1FC048]
	(No symbol) [0x00007FF62E1F8044]
	(No symbol) [0x00007FF62E1F81C9]
	(No symbol) [0x00007FF62E1E88C4]
	BaseThreadInitThunk [0x00007FFA86727344+20]
	RtlUserThreadStart [0x00007FFA879226B1+33]
</msg>
<msg timestamp="20240115 11:21:23.626" level="FAIL">NoSuchWindowException: Message: no such window: target window already closed
from unknown error: web view not found
  (Session info: chrome=120.0.6099.217)
Stacktrace:
	GetHandleVerifier [0x00007FF62E5D2142+3514994]
	(No symbol) [0x00007FF62E1F0CE2]
	(No symbol) [0x00007FF62E0976AA]
	(No symbol) [0x00007FF62E070AFD]
	(No symbol) [0x00007FF62E10CB1B]
	(No symbol) [0x00007FF62E12218F]
	(No symbol) [0x00007FF62E105D93]
	(No symbol) [0x00007FF62E0D4BDC]
	(No symbol) [0x00007FF62E0D5C64]
	GetHandleVerifier [0x00007FF62E5FE16B+3695259]
	GetHandleVerifier [0x00007FF62E656737+4057191]
	GetHandleVerifier [0x00007FF62E64E4E3+4023827]
	GetHandleVerifier [0x00007FF62E3204F9+689705]
	(No symbol) [0x00007FF62E1FC048]
	(No symbol) [0x00007FF62E1F8044]
	(No symbol) [0x00007FF62E1F81C9]
	(No symbol) [0x00007FF62E1E88C4]
	BaseThreadInitThunk [0x00007FFA86727344+20]
	RtlUserThreadStart [0x00007FFA879226B1+33]
</msg>
<status status="FAIL" starttime="20240115 11:21:23.529" endtime="20240115 11:21:23.648"/>
</kw>
<status status="FAIL" starttime="20240115 11:21:23.073" endtime="20240115 11:21:23.648"/>
</iter>
<status status="FAIL" starttime="20240115 11:19:29.981" endtime="20240115 11:21:23.649"/>
</while>
<kw name="Wait and Click Element" library="helpers">
<arg>${pagamentos.SLC_PARC_1X}</arg>
<doc>Keyword responsável por aguardar o elemento estar visível e clicar.</doc>
<status status="NOT RUN" starttime="20240115 11:21:23.649" endtime="20240115 11:21:23.649"/>
</kw>
<kw name="Input Text" library="SeleniumLibrary">
<arg>${pagamentos.INSERIR_CLR}</arg>
<arg>11987654321</arg>
<doc>Types the given ``text`` into the text field identified by ``locator``.</doc>
<status status="NOT RUN" starttime="20240115 11:21:23.650" endtime="20240115 11:21:23.650"/>
</kw>
<status status="FAIL" starttime="20240115 11:19:29.981" endtime="20240115 11:21:23.650"/>
</kw>
<kw name="Quando selecionar o checkbox dos termos de contrato" library="pagamentos_resources">
<status status="NOT RUN" starttime="20240115 11:21:23.651" endtime="20240115 11:21:23.651"/>
</kw>
<kw name="E clicar em efetuar pagamento" library="pagamentos_resources">
<status status="NOT RUN" starttime="20240115 11:21:23.652" endtime="20240115 11:21:23.652"/>
</kw>
<kw name="Então o sistema devera finalizar o pagamento" library="prox_viagem_resources">
<status status="NOT RUN" starttime="20240115 11:21:23.654" endtime="20240115 11:21:23.654"/>
</kw>
<kw name="E apresentar a tela de sucesso" library="prox_viagem_resources">
<status status="NOT RUN" starttime="20240115 11:21:23.657" endtime="20240115 11:21:23.658"/>
</kw>
<doc>Esse caso de teste serve para fazer a finalização do pagamento</doc>
<tag>FINALIZAR PAGAMENTO</tag>
<tag>t4</tag>
<status status="FAIL" starttime="20240115 11:19:14.979" endtime="20240115 11:21:23.658">NoSuchWindowException: Message: no such window: target window already closed
from unknown error: web view not found
  (Session info: chrome=120.0.6099.217)
Stacktrace:
	GetHandleVerifier [0x00007FF62E5D2142+3514994]
	(No symbol) [0x00007FF62E1F0CE2]
	(No symbol) [0x00007FF62E0976AA]
	(No symbol) [0x00007FF62E070AFD]
	(No symbol) [0x00007FF62E10CB1B]
	(No symbol) [0x00007FF62E12218F]
	(No symbol) [0x00007FF62E105D93]
	(No symbol) [0x00007FF62E0D4BDC]
	(No symbol) [0x00007FF62E0D5C64]
	GetHandleVerifier [0x00007FF62E5FE16B+3695259]
	GetHandleVerifier [0x00007FF62E656737+4057191]
	GetHandleVerifier [0x00007FF62E64E4E3+4023827]
	GetHandleVerifier [0x00007FF62E3204F9+689705]
	(No symbol) [0x00007FF62E1FC048]
	(No symbol) [0x00007FF62E1F8044]
	(No symbol) [0x00007FF62E1F81C9]
	(No symbol) [0x00007FF62E1E88C4]
	BaseThreadInitThunk [0x00007FFA86727344+20]
	RtlUserThreadStart [0x00007FFA879226B1+33]
</status>
</test>
<doc>Essa suite testa o booking de 1 ADT Logado</doc>
<status status="FAIL" starttime="20240115 11:17:20.529" endtime="20240115 11:21:23.674"/>
</suite>
<statistics>
<total>
<stat pass="1" fail="3" skip="0">All Tests</stat>
</total>
<tag>
<stat pass="1" fail="0" skip="0">BOOKING</stat>
<stat pass="0" fail="1" skip="0">FINALIZAR PAGAMENTO</stat>
<stat pass="0" fail="1" skip="0">INSERIR CARTÃO</stat>
<stat pass="0" fail="1" skip="0">SELECIONAR TARIFA</stat>
<stat pass="1" fail="0" skip="0">t1</stat>
<stat pass="0" fail="1" skip="0">t2</stat>
<stat pass="0" fail="1" skip="0">t3</stat>
<stat pass="0" fail="1" skip="0">t4</stat>
</tag>
<suite>
<stat pass="1" fail="3" skip="0" id="s1" name="Booking 1Adt Lgd">Booking 1Adt Lgd</stat>
</suite>
</statistics>
<errors>
<msg timestamp="20240115 11:21:23.327" level="WARN">Keyword 'Capture Page Screenshot' could not be run on failure: Message: no such window: target window already closed
from unknown error: web view not found
  (Session info: chrome=120.0.6099.217)
Stacktrace:
	GetHandleVerifier [0x00007FF62E5D2142+3514994]
	(No symbol) [0x00007FF62E1F0CE2]
	(No symbol) [0x00007FF62E0976AA]
	(No symbol) [0x00007FF62E070AFD]
	(No symbol) [0x00007FF62E10CB1B]
	(No symbol) [0x00007FF62E12218F]
	(No symbol) [0x00007FF62E105D93]
	(No symbol) [0x00007FF62E0D4BDC]
	(No symbol) [0x00007FF62E0D5C64]
	GetHandleVerifier [0x00007FF62E5FE16B+3695259]
	GetHandleVerifier [0x00007FF62E656737+4057191]
	GetHandleVerifier [0x00007FF62E64E4E3+4023827]
	GetHandleVerifier [0x00007FF62E3204F9+689705]
	(No symbol) [0x00007FF62E1FC048]
	(No symbol) [0x00007FF62E1F8044]
	(No symbol) [0x00007FF62E1F81C9]
	(No symbol) [0x00007FF62E1E88C4]
	BaseThreadInitThunk [0x00007FFA86727344+20]
	RtlUserThreadStart [0x00007FFA879226B1+33]
</msg>
<msg timestamp="20240115 11:21:23.619" level="WARN">Keyword 'Capture Page Screenshot' could not be run on failure: Message: no such window: target window already closed
from unknown error: web view not found
  (Session info: chrome=120.0.6099.217)
Stacktrace:
	GetHandleVerifier [0x00007FF62E5D2142+3514994]
	(No symbol) [0x00007FF62E1F0CE2]
	(No symbol) [0x00007FF62E0976AA]
	(No symbol) [0x00007FF62E070AFD]
	(No symbol) [0x00007FF62E10CB1B]
	(No symbol) [0x00007FF62E12218F]
	(No symbol) [0x00007FF62E105D93]
	(No symbol) [0x00007FF62E0D4BDC]
	(No symbol) [0x00007FF62E0D5C64]
	GetHandleVerifier [0x00007FF62E5FE16B+3695259]
	GetHandleVerifier [0x00007FF62E656737+4057191]
	GetHandleVerifier [0x00007FF62E64E4E3+4023827]
	GetHandleVerifier [0x00007FF62E3204F9+689705]
	(No symbol) [0x00007FF62E1FC048]
	(No symbol) [0x00007FF62E1F8044]
	(No symbol) [0x00007FF62E1F81C9]
	(No symbol) [0x00007FF62E1E88C4]
	BaseThreadInitThunk [0x00007FFA86727344+20]
	RtlUserThreadStart [0x00007FFA879226B1+33]
</msg>
</errors>
</robot>
