<?xml version="1.0" encoding="UTF-8"?>
<robot generator="Robot 6.1.1 (Python 3.12.0 on win32)" generated="20240118 10:47:26.870" rpa="false" schemaversion="4">
<suite id="s1" name="Booking 2Adts 1Chd Lgd" source="C:\Automation_Site\AZULSTG\tests\booking_2adts_1chd_lgd.robot">
<test id="s1-t1" name="Caso de Testes 01 - Validar compra de passagens 3 pax (2Adt's e 1 Chd) no site" line="12">
<kw name="inicia o teste com login" library="setup_teardown" type="SETUP">
<arg>USER=Tudo Azul</arg>
<kw name="Open Browser" library="SeleniumLibrary">
<arg>${URL_STG}</arg>
<arg>headless ${Browser}</arg>
<arg>options=add_experimental_option('excludeSwitches', ['enable-logging']);add_argument("--safebrowsing-disable-download-protection");add_argument("--disable-web-security")</arg>
<doc>Opens a new browser instance to the optional ``url``.</doc>
<msg timestamp="20240118 10:47:27.394" level="INFO">Opening browser 'headless chrome' to base url 'https://azul-stage65.adobecqms.net/br/pt/home'.</msg>
<status status="PASS" starttime="20240118 10:47:27.393" endtime="20240118 10:47:41.890"/>
</kw>
<kw name="Maximize Browser Window" library="SeleniumLibrary">
<doc>Maximizes current browser window.</doc>
<status status="PASS" starttime="20240118 10:47:41.891" endtime="20240118 10:47:42.208"/>
</kw>
<kw name="Wait and Click Element" library="helpers">
<arg>${login.BTN_LOGIN}</arg>
<arg>50</arg>
<doc>Keyword responsável por aguardar o elemento estar visível e clicar.</doc>
<kw name="Wait Until Element Is Visible" library="SeleniumLibrary">
<arg>${ELEMENT}</arg>
<arg>timeout=${TIMEOUT}</arg>
<doc>Waits until the element ``locator`` is visible.</doc>
<status status="PASS" starttime="20240118 10:47:42.210" endtime="20240118 10:47:42.336"/>
</kw>
<kw name="Click Element" library="SeleniumLibrary">
<arg>${ELEMENT}</arg>
<doc>Click the element identified by ``locator``.</doc>
<msg timestamp="20240118 10:47:42.337" level="INFO">Clicking element '(//span[text()='Fazer Login'])[2]'.</msg>
<status status="PASS" starttime="20240118 10:47:42.336" endtime="20240118 10:47:43.584"/>
</kw>
<status status="PASS" starttime="20240118 10:47:42.208" endtime="20240118 10:47:43.584"/>
</kw>
<kw name="Wait Until Element Is Visible" library="SeleniumLibrary">
<arg>${login.VLD_TELA_LOGIN}</arg>
<arg>20</arg>
<doc>Waits until the element ``locator`` is visible.</doc>
<status status="PASS" starttime="20240118 10:47:43.584" endtime="20240118 10:47:43.982"/>
</kw>
<kw name="realiza o login" library="helpers">
<arg>USER=${USER}</arg>
<doc>Keyword responsável por fazer o Login no app, a partir da página inicial.</doc>
<kw name="Wait and Click Element" library="helpers">
<arg>${login.CAMPO_LOGIN}</arg>
<arg>TIMEOUT=20</arg>
<doc>Keyword responsável por aguardar o elemento estar visível e clicar.</doc>
<kw name="Wait Until Element Is Visible" library="SeleniumLibrary">
<arg>${ELEMENT}</arg>
<arg>timeout=${TIMEOUT}</arg>
<doc>Waits until the element ``locator`` is visible.</doc>
<status status="PASS" starttime="20240118 10:47:43.986" endtime="20240118 10:47:44.022"/>
</kw>
<kw name="Click Element" library="SeleniumLibrary">
<arg>${ELEMENT}</arg>
<doc>Click the element identified by ``locator``.</doc>
<msg timestamp="20240118 10:47:44.023" level="INFO">Clicking element '//input[contains(@aria-label,'Informe CPF ou Nº TudoAzul')]'.</msg>
<status status="PASS" starttime="20240118 10:47:44.022" endtime="20240118 10:47:44.147"/>
</kw>
<status status="PASS" starttime="20240118 10:47:43.983" endtime="20240118 10:47:44.147"/>
</kw>
<if>
<branch type="IF" condition="&quot;${USER}&quot; == &quot;Tudo Azul&quot;">
<kw name="Wait and Input Text" library="helpers">
<arg>${login.CAMPO_LOGIN}</arg>
<arg>${TA_1}</arg>
<doc>Keyword responsável por aguardar o elemento estar visível e digitar o texto.</doc>
<kw name="Wait Until Element Is Visible" library="SeleniumLibrary">
<arg>${ELEMENT}</arg>
<doc>Waits until the element ``locator`` is visible.</doc>
<status status="PASS" starttime="20240118 10:47:44.150" endtime="20240118 10:47:44.179"/>
</kw>
<kw name="Input Text" library="SeleniumLibrary">
<arg>${ELEMENT}</arg>
<arg>${TEXT}</arg>
<doc>Types the given ``text`` into the text field identified by ``locator``.</doc>
<msg timestamp="20240118 10:47:44.180" level="INFO">Typing text '18124874360' into text field '//input[contains(@aria-label,'Informe CPF ou Nº TudoAzul')]'.</msg>
<status status="PASS" starttime="20240118 10:47:44.179" endtime="20240118 10:47:44.395"/>
</kw>
<status status="PASS" starttime="20240118 10:47:44.148" endtime="20240118 10:47:44.395"/>
</kw>
<kw name="Wait and Input Text" library="helpers">
<arg>${login.CAMPO_SENHA}</arg>
<arg>${PWD}</arg>
<doc>Keyword responsável por aguardar o elemento estar visível e digitar o texto.</doc>
<kw name="Wait Until Element Is Visible" library="SeleniumLibrary">
<arg>${ELEMENT}</arg>
<doc>Waits until the element ``locator`` is visible.</doc>
<status status="PASS" starttime="20240118 10:47:44.396" endtime="20240118 10:47:44.424"/>
</kw>
<kw name="Input Text" library="SeleniumLibrary">
<arg>${ELEMENT}</arg>
<arg>${TEXT}</arg>
<doc>Types the given ``text`` into the text field identified by ``locator``.</doc>
<msg timestamp="20240118 10:47:44.424" level="INFO">Typing text 'Azul2023**' into text field '//input[contains(@type,'password')]'.</msg>
<status status="PASS" starttime="20240118 10:47:44.424" endtime="20240118 10:47:44.627"/>
</kw>
<status status="PASS" starttime="20240118 10:47:44.395" endtime="20240118 10:47:44.627"/>
</kw>
<status status="PASS" starttime="20240118 10:47:44.147" endtime="20240118 10:47:44.627"/>
</branch>
<branch type="ELSE IF" condition="&quot;${USER}&quot; == &quot;Tudo Azul II&quot;">
<kw name="Wait and Input Text" library="helpers">
<arg>${login.CAMPO_LOGIN}</arg>
<arg>${TA_2}</arg>
<doc>Keyword responsável por aguardar o elemento estar visível e digitar o texto.</doc>
<status status="NOT RUN" starttime="20240118 10:47:44.628" endtime="20240118 10:47:44.628"/>
</kw>
<kw name="Wait and Input Text" library="helpers">
<arg>${login.CAMPO_SENHA}</arg>
<arg>${PWD}</arg>
<doc>Keyword responsável por aguardar o elemento estar visível e digitar o texto.</doc>
<status status="NOT RUN" starttime="20240118 10:47:44.628" endtime="20240118 10:47:44.628"/>
</kw>
<status status="NOT RUN" starttime="20240118 10:47:44.627" endtime="20240118 10:47:44.628"/>
</branch>
<branch type="ELSE IF" condition="&quot;${USER}&quot; == &quot;Safira I&quot;">
<kw name="Wait and Input Text" library="helpers">
<arg>${login.CAMPO_LOGIN}</arg>
<arg>${SAFIRA_1}</arg>
<doc>Keyword responsável por aguardar o elemento estar visível e digitar o texto.</doc>
<status status="NOT RUN" starttime="20240118 10:47:44.628" endtime="20240118 10:47:44.628"/>
</kw>
<kw name="Wait and Input Text" library="helpers">
<arg>${login.CAMPO_SENHA}</arg>
<arg>${PWD}</arg>
<doc>Keyword responsável por aguardar o elemento estar visível e digitar o texto.</doc>
<status status="NOT RUN" starttime="20240118 10:47:44.628" endtime="20240118 10:47:44.628"/>
</kw>
<status status="NOT RUN" starttime="20240118 10:47:44.628" endtime="20240118 10:47:44.628"/>
</branch>
<branch type="ELSE IF" condition="&quot;${USER}&quot; == &quot;Diamante I&quot;">
<kw name="Wait and Input Text" library="helpers">
<arg>${login.CAMPO_LOGIN}</arg>
<arg>${DIAMANTE_1}</arg>
<doc>Keyword responsável por aguardar o elemento estar visível e digitar o texto.</doc>
<status status="NOT RUN" starttime="20240118 10:47:44.628" endtime="20240118 10:47:44.628"/>
</kw>
<kw name="Wait and Input Text" library="helpers">
<arg>${login.CAMPO_SENHA}</arg>
<arg>${PWD}</arg>
<doc>Keyword responsável por aguardar o elemento estar visível e digitar o texto.</doc>
<status status="NOT RUN" starttime="20240118 10:47:44.629" endtime="20240118 10:47:44.629"/>
</kw>
<status status="NOT RUN" starttime="20240118 10:47:44.628" endtime="20240118 10:47:44.629"/>
</branch>
<branch type="ELSE">
<kw name="Wait and Input Text" library="helpers">
<arg>${login.CAMPO_LOGIN}</arg>
<arg>${TA+_1}</arg>
<doc>Keyword responsável por aguardar o elemento estar visível e digitar o texto.</doc>
<status status="NOT RUN" starttime="20240118 10:47:44.629" endtime="20240118 10:47:44.629"/>
</kw>
<kw name="Wait and Input Text" library="helpers">
<arg>${login.CAMPO_SENHA}</arg>
<arg>${PWD}</arg>
<doc>Keyword responsável por aguardar o elemento estar visível e digitar o texto.</doc>
<status status="NOT RUN" starttime="20240118 10:47:44.629" endtime="20240118 10:47:44.629"/>
</kw>
<status status="NOT RUN" starttime="20240118 10:47:44.629" endtime="20240118 10:47:44.629"/>
</branch>
<status status="PASS" starttime="20240118 10:47:44.147" endtime="20240118 10:47:44.629"/>
</if>
<status status="PASS" starttime="20240118 10:47:43.982" endtime="20240118 10:47:44.629"/>
</kw>
<kw name="Wait and Click Element" library="helpers">
<arg>${login.BTN_ENTRAR_TA}</arg>
<doc>Keyword responsável por aguardar o elemento estar visível e clicar.</doc>
<kw name="Wait Until Element Is Visible" library="SeleniumLibrary">
<arg>${ELEMENT}</arg>
<arg>timeout=${TIMEOUT}</arg>
<doc>Waits until the element ``locator`` is visible.</doc>
<status status="PASS" starttime="20240118 10:47:44.631" endtime="20240118 10:47:44.671"/>
</kw>
<kw name="Click Element" library="SeleniumLibrary">
<arg>${ELEMENT}</arg>
<doc>Click the element identified by ``locator``.</doc>
<msg timestamp="20240118 10:47:44.672" level="INFO">Clicking element '//*[text()='Entrar no TudoAzul']'.</msg>
<status status="PASS" starttime="20240118 10:47:44.671" endtime="20240118 10:47:44.852"/>
</kw>
<status status="PASS" starttime="20240118 10:47:44.629" endtime="20240118 10:47:44.853"/>
</kw>
<kw name="Wait Until Page Does Not Contain" library="SeleniumLibrary">
<arg>${login.VLD_TELA_LOGIN}</arg>
<doc>Waits until ``text`` disappears from the current page.</doc>
<status status="PASS" starttime="20240118 10:47:44.853" endtime="20240118 10:47:44.880"/>
</kw>
<status status="PASS" starttime="20240118 10:47:27.393" endtime="20240118 10:47:44.880"/>
</kw>
<kw name="Dado que o cliente esteja com o destino de voo selecionado, data, forma de pagamento em Reais e passageiros" library="booking_resources">
<kw name="Wait Until Page Contains" library="SeleniumLibrary">
<arg>Estamos carregando suas informações</arg>
<arg>30</arg>
<doc>Waits until ``text`` appears on the current page.</doc>
<status status="PASS" starttime="20240118 10:47:44.882" endtime="20240118 10:47:47.846"/>
</kw>
<kw name="Wait Until Page Does Not Contain" library="SeleniumLibrary">
<arg>Estamos carregando suas informações</arg>
<arg>30</arg>
<doc>Waits until ``text`` disappears from the current page.</doc>
<status status="PASS" starttime="20240118 10:47:47.847" endtime="20240118 10:47:49.256"/>
</kw>
<kw name="Get Text" library="SeleniumLibrary">
<var>${PRIMEIRO_NOME}</var>
<arg>${login.LABEL_NOME}</arg>
<doc>Returns the text value of the element identified by ``locator``.</doc>
<msg timestamp="20240118 10:47:49.313" level="INFO">${PRIMEIRO_NOME} = roberto</msg>
<status status="PASS" starttime="20240118 10:47:49.256" endtime="20240118 10:47:49.313"/>
</kw>
<kw name="Convert To Title Case" library="String">
<var>${PRIMEIRO_NOME}</var>
<arg>${PRIMEIRO_NOME}</arg>
<doc>Converts string to title case.</doc>
<msg timestamp="20240118 10:47:49.314" level="INFO">${PRIMEIRO_NOME} = Roberto</msg>
<status status="PASS" starttime="20240118 10:47:49.313" endtime="20240118 10:47:49.314"/>
</kw>
<kw name="Set Test Variable" library="BuiltIn">
<arg>${PRIMEIRO_NOME}</arg>
<doc>Makes a variable available everywhere within the scope of the current test.</doc>
<msg timestamp="20240118 10:47:49.315" level="INFO">${PRIMEIRO_NOME} = Roberto</msg>
<status status="PASS" starttime="20240118 10:47:49.314" endtime="20240118 10:47:49.315"/>
</kw>
<kw name="Run Keyword And Return Status" library="BuiltIn">
<var>${BOOL_BUSCA_VOOS}</var>
<arg>Wait Until Element Is Visible</arg>
<arg>${selecaovoos.VLD_SELECAODEVOOS}</arg>
<doc>Runs the given keyword with given arguments and returns the status as a Boolean value.</doc>
<kw name="Wait Until Element Is Visible" library="SeleniumLibrary">
<arg>${selecaovoos.VLD_SELECAODEVOOS}</arg>
<doc>Waits until the element ``locator`` is visible.</doc>
<msg timestamp="20240118 10:47:55.207" level="INFO" html="true">&lt;/td&gt;&lt;/tr&gt;&lt;tr&gt;&lt;td colspan="3"&gt;&lt;a href="selenium-screenshot-3.png"&gt;&lt;img src="selenium-screenshot-3.png" width="800px"&gt;&lt;/a&gt;</msg>
<msg timestamp="20240118 10:47:55.208" level="FAIL">Element '//span[@aria-hidden='true'][contains(.,'Para onde vamos voar?')]' not visible after 5 seconds.</msg>
<status status="FAIL" starttime="20240118 10:47:49.315" endtime="20240118 10:47:55.212"/>
</kw>
<msg timestamp="20240118 10:47:55.213" level="INFO">${BOOL_BUSCA_VOOS} = False</msg>
<status status="PASS" starttime="20240118 10:47:49.315" endtime="20240118 10:47:55.213"/>
</kw>
<if>
<branch type="IF" condition="${BOOL_BUSCA_VOOS} == False">
<kw name="Click Element" library="SeleniumLibrary">
<arg>${selecaovoos.BTN_COMPRAR}</arg>
<doc>Click the element identified by ``locator``.</doc>
<msg timestamp="20240118 10:47:55.215" level="INFO">Clicking element '(//button[@aria-label='Comprar passagens'])[1]'.</msg>
<status status="PASS" starttime="20240118 10:47:55.213" endtime="20240118 10:47:55.505"/>
</kw>
<status status="PASS" starttime="20240118 10:47:55.213" endtime="20240118 10:47:55.505"/>
</branch>
<status status="PASS" starttime="20240118 10:47:55.213" endtime="20240118 10:47:55.505"/>
</if>
<kw name="Wait Until Element Is Visible" library="SeleniumLibrary">
<arg>${selecaovoos.VLD_BTN_COMPRAR}</arg>
<arg>10</arg>
<doc>Waits until the element ``locator`` is visible.</doc>
<status status="PASS" starttime="20240118 10:47:55.505" endtime="20240118 10:47:55.587"/>
</kw>
<kw name="Wait and Input Text" library="helpers">
<arg>${selecaovoos.ORIGEM}</arg>
<arg>Salgado Filho</arg>
<arg>10</arg>
<doc>Keyword responsável por aguardar o elemento estar visível e digitar o texto.</doc>
<kw name="Wait Until Element Is Visible" library="SeleniumLibrary">
<arg>${ELEMENT}</arg>
<doc>Waits until the element ``locator`` is visible.</doc>
<status status="PASS" starttime="20240118 10:47:55.588" endtime="20240118 10:47:55.650"/>
</kw>
<kw name="Input Text" library="SeleniumLibrary">
<arg>${ELEMENT}</arg>
<arg>${TEXT}</arg>
<doc>Types the given ``text`` into the text field identified by ``locator``.</doc>
<msg timestamp="20240118 10:47:55.651" level="INFO">Typing text 'Salgado Filho' into text field '//input[@placeholder='Digite a sua origem']'.</msg>
<status status="PASS" starttime="20240118 10:47:55.650" endtime="20240118 10:47:55.972"/>
</kw>
<status status="PASS" starttime="20240118 10:47:55.587" endtime="20240118 10:47:55.972"/>
</kw>
<kw name="Wait and Click Element" library="helpers">
<arg>${selecaovoos.SALGADO_FILHO}</arg>
<doc>Keyword responsável por aguardar o elemento estar visível e clicar.</doc>
<kw name="Wait Until Element Is Visible" library="SeleniumLibrary">
<arg>${ELEMENT}</arg>
<arg>timeout=${TIMEOUT}</arg>
<doc>Waits until the element ``locator`` is visible.</doc>
<status status="PASS" starttime="20240118 10:47:55.974" endtime="20240118 10:47:56.454"/>
</kw>
<kw name="Click Element" library="SeleniumLibrary">
<arg>${ELEMENT}</arg>
<doc>Click the element identified by ``locator``.</doc>
<msg timestamp="20240118 10:47:56.455" level="INFO">Clicking element '//b[text()='Salgado Filho']'.</msg>
<status status="PASS" starttime="20240118 10:47:56.455" endtime="20240118 10:47:56.614"/>
</kw>
<status status="PASS" starttime="20240118 10:47:55.972" endtime="20240118 10:47:56.614"/>
</kw>
<kw name="Wait and Input Text" library="helpers">
<arg>${selecaovoos.DESTINO}</arg>
<arg>Campinas</arg>
<arg>10</arg>
<doc>Keyword responsável por aguardar o elemento estar visível e digitar o texto.</doc>
<kw name="Wait Until Element Is Visible" library="SeleniumLibrary">
<arg>${ELEMENT}</arg>
<doc>Waits until the element ``locator`` is visible.</doc>
<status status="PASS" starttime="20240118 10:47:56.617" endtime="20240118 10:47:56.743"/>
</kw>
<kw name="Input Text" library="SeleniumLibrary">
<arg>${ELEMENT}</arg>
<arg>${TEXT}</arg>
<doc>Types the given ``text`` into the text field identified by ``locator``.</doc>
<msg timestamp="20240118 10:47:56.745" level="INFO">Typing text 'Campinas' into text field '//input[contains(@placeholder,'Digite o seu destino')]'.</msg>
<status status="PASS" starttime="20240118 10:47:56.744" endtime="20240118 10:47:56.892"/>
</kw>
<status status="PASS" starttime="20240118 10:47:56.615" endtime="20240118 10:47:56.892"/>
</kw>
<kw name="Wait and Click Element" library="helpers">
<arg>${selecaovoos.VCP}</arg>
<doc>Keyword responsável por aguardar o elemento estar visível e clicar.</doc>
<kw name="Wait Until Element Is Visible" library="SeleniumLibrary">
<arg>${ELEMENT}</arg>
<arg>timeout=${TIMEOUT}</arg>
<doc>Waits until the element ``locator`` is visible.</doc>
<status status="PASS" starttime="20240118 10:47:56.893" endtime="20240118 10:47:57.389"/>
</kw>
<kw name="Click Element" library="SeleniumLibrary">
<arg>${ELEMENT}</arg>
<doc>Click the element identified by ``locator``.</doc>
<msg timestamp="20240118 10:47:57.390" level="INFO">Clicking element '//b[text()=' Campinas']'.</msg>
<status status="PASS" starttime="20240118 10:47:57.389" endtime="20240118 10:47:57.509"/>
</kw>
<status status="PASS" starttime="20240118 10:47:56.892" endtime="20240118 10:47:57.509"/>
</kw>
<kw name="Wait and Click Element" library="helpers">
<arg>${selecaovoos.DATA}</arg>
<doc>Keyword responsável por aguardar o elemento estar visível e clicar.</doc>
<kw name="Wait Until Element Is Visible" library="SeleniumLibrary">
<arg>${ELEMENT}</arg>
<arg>timeout=${TIMEOUT}</arg>
<doc>Waits until the element ``locator`` is visible.</doc>
<status status="PASS" starttime="20240118 10:47:57.510" endtime="20240118 10:47:57.571"/>
</kw>
<kw name="Click Element" library="SeleniumLibrary">
<arg>${ELEMENT}</arg>
<doc>Click the element identified by ``locator``.</doc>
<msg timestamp="20240118 10:47:57.572" level="INFO">Clicking element '//label[@aria-label='Datas (ida e volta)'][contains(.,'Datas (ida e volta)')]'.</msg>
<status status="PASS" starttime="20240118 10:47:57.572" endtime="20240118 10:47:57.760"/>
</kw>
<status status="PASS" starttime="20240118 10:47:57.509" endtime="20240118 10:47:57.760"/>
</kw>
<kw name="Input Text" library="SeleniumLibrary">
<arg>${selecaovoos.DATA_DE_IDA}</arg>
<arg>05/02/2024</arg>
<doc>Types the given ``text`` into the text field identified by ``locator``.</doc>
<msg timestamp="20240118 10:47:57.762" level="INFO">Typing text '05/02/2024' into text field '//input[contains(@name,'startDate')]'.</msg>
<status status="PASS" starttime="20240118 10:47:57.760" endtime="20240118 10:47:59.316"/>
</kw>
<kw name="Wait and Click Element" library="helpers">
<arg>${selecaovoos.BTN_DATA_IDA}</arg>
<arg>10</arg>
<doc>Keyword responsável por aguardar o elemento estar visível e clicar.</doc>
<kw name="Wait Until Element Is Visible" library="SeleniumLibrary">
<arg>${ELEMENT}</arg>
<arg>timeout=${TIMEOUT}</arg>
<doc>Waits until the element ``locator`` is visible.</doc>
<status status="PASS" starttime="20240118 10:47:59.318" endtime="20240118 10:47:59.746"/>
</kw>
<kw name="Click Element" library="SeleniumLibrary">
<arg>${ELEMENT}</arg>
<doc>Click the element identified by ``locator``.</doc>
<msg timestamp="20240118 10:47:59.748" level="INFO">Clicking element '(//div[text()='Selecionar apenas data de ida'])[1]'.</msg>
<status status="PASS" starttime="20240118 10:47:59.746" endtime="20240118 10:48:00.001"/>
</kw>
<status status="PASS" starttime="20240118 10:47:59.316" endtime="20240118 10:48:00.001"/>
</kw>
<kw name="Wait Until Element Is Visible" library="SeleniumLibrary">
<arg>${booking.VLD_TELA_SLC}</arg>
<doc>Waits until the element ``locator`` is visible.</doc>
<status status="PASS" starttime="20240118 10:48:00.001" endtime="20240118 10:48:00.119"/>
</kw>
<kw name="Wait and Click Element" library="helpers">
<arg>${booking.BTN_PGTO_REAIS}</arg>
<doc>Keyword responsável por aguardar o elemento estar visível e clicar.</doc>
<kw name="Wait Until Element Is Visible" library="SeleniumLibrary">
<arg>${ELEMENT}</arg>
<arg>timeout=${TIMEOUT}</arg>
<doc>Waits until the element ``locator`` is visible.</doc>
<status status="PASS" starttime="20240118 10:48:00.120" endtime="20240118 10:48:00.160"/>
</kw>
<kw name="Click Element" library="SeleniumLibrary">
<arg>${ELEMENT}</arg>
<doc>Click the element identified by ``locator``.</doc>
<msg timestamp="20240118 10:48:00.160" level="INFO">Clicking element '//button[@aria-label='Reais']'.</msg>
<status status="PASS" starttime="20240118 10:48:00.160" endtime="20240118 10:48:00.235"/>
</kw>
<status status="PASS" starttime="20240118 10:48:00.119" endtime="20240118 10:48:00.235"/>
</kw>
<kw name="Wait and Click Element" library="helpers">
<arg>${booking.NUM_VIAJANTES}</arg>
<doc>Keyword responsável por aguardar o elemento estar visível e clicar.</doc>
<kw name="Wait Until Element Is Visible" library="SeleniumLibrary">
<arg>${ELEMENT}</arg>
<arg>timeout=${TIMEOUT}</arg>
<doc>Waits until the element ``locator`` is visible.</doc>
<status status="PASS" starttime="20240118 10:48:00.237" endtime="20240118 10:48:00.265"/>
</kw>
<kw name="Click Element" library="SeleniumLibrary">
<arg>${ELEMENT}</arg>
<doc>Click the element identified by ``locator``.</doc>
<msg timestamp="20240118 10:48:00.266" level="INFO">Clicking element '//small[@aria-label='Números de viajantes. Selecionado']'.</msg>
<status status="PASS" starttime="20240118 10:48:00.265" endtime="20240118 10:48:00.339"/>
</kw>
<status status="PASS" starttime="20240118 10:48:00.235" endtime="20240118 10:48:00.339"/>
</kw>
<kw name="Wait Until Element Is Visible" library="SeleniumLibrary">
<arg>${booking.NUM_ADTS}</arg>
<doc>Waits until the element ``locator`` is visible.</doc>
<status status="PASS" starttime="20240118 10:48:00.339" endtime="20240118 10:48:00.377"/>
</kw>
<kw name="Wait and Click Element" library="helpers">
<arg>${booking.BTN_ADT_MAIS}</arg>
<doc>Keyword responsável por aguardar o elemento estar visível e clicar.</doc>
<kw name="Wait Until Element Is Visible" library="SeleniumLibrary">
<arg>${ELEMENT}</arg>
<arg>timeout=${TIMEOUT}</arg>
<doc>Waits until the element ``locator`` is visible.</doc>
<status status="PASS" starttime="20240118 10:48:00.377" endtime="20240118 10:48:00.407"/>
</kw>
<kw name="Click Element" library="SeleniumLibrary">
<arg>${ELEMENT}</arg>
<doc>Click the element identified by ``locator``.</doc>
<msg timestamp="20240118 10:48:00.408" level="INFO">Clicking element '(//button[text()='+'])[1]'.</msg>
<status status="PASS" starttime="20240118 10:48:00.408" endtime="20240118 10:48:00.574"/>
</kw>
<status status="PASS" starttime="20240118 10:48:00.377" endtime="20240118 10:48:00.574"/>
</kw>
<kw name="Wait Until Element Is Visible" library="SeleniumLibrary">
<arg>${booking.NUM_CHD}</arg>
<doc>Waits until the element ``locator`` is visible.</doc>
<status status="PASS" starttime="20240118 10:48:00.574" endtime="20240118 10:48:00.603"/>
</kw>
<kw name="Wait and Click Element" library="helpers">
<arg>${booking.BTN_CHD_MAIS}</arg>
<doc>Keyword responsável por aguardar o elemento estar visível e clicar.</doc>
<kw name="Wait Until Element Is Visible" library="SeleniumLibrary">
<arg>${ELEMENT}</arg>
<arg>timeout=${TIMEOUT}</arg>
<doc>Waits until the element ``locator`` is visible.</doc>
<status status="PASS" starttime="20240118 10:48:00.604" endtime="20240118 10:48:00.629"/>
</kw>
<kw name="Click Element" library="SeleniumLibrary">
<arg>${ELEMENT}</arg>
<doc>Click the element identified by ``locator``.</doc>
<msg timestamp="20240118 10:48:00.629" level="INFO">Clicking element '(//button[text()='+'])[2]'.</msg>
<status status="PASS" starttime="20240118 10:48:00.629" endtime="20240118 10:48:00.707"/>
</kw>
<status status="PASS" starttime="20240118 10:48:00.603" endtime="20240118 10:48:00.707"/>
</kw>
<kw name="Wait and Click Element" library="helpers">
<arg>${booking.BTN_CONFIRMAR}</arg>
<doc>Keyword responsável por aguardar o elemento estar visível e clicar.</doc>
<kw name="Wait Until Element Is Visible" library="SeleniumLibrary">
<arg>${ELEMENT}</arg>
<arg>timeout=${TIMEOUT}</arg>
<doc>Waits until the element ``locator`` is visible.</doc>
<status status="PASS" starttime="20240118 10:48:00.709" endtime="20240118 10:48:00.741"/>
</kw>
<kw name="Click Element" library="SeleniumLibrary">
<arg>${ELEMENT}</arg>
<doc>Click the element identified by ``locator``.</doc>
<msg timestamp="20240118 10:48:00.742" level="INFO">Clicking element '//input[@value='Confirmar']'.</msg>
<status status="PASS" starttime="20240118 10:48:00.741" endtime="20240118 10:48:00.825"/>
</kw>
<status status="PASS" starttime="20240118 10:48:00.707" endtime="20240118 10:48:00.825"/>
</kw>
<kw name="Wait and Click Element" library="helpers">
<arg>${selecaovoos.BTN_BUSCAR_PASSAGENS}</arg>
<arg>40</arg>
<doc>Keyword responsável por aguardar o elemento estar visível e clicar.</doc>
<kw name="Wait Until Element Is Visible" library="SeleniumLibrary">
<arg>${ELEMENT}</arg>
<arg>timeout=${TIMEOUT}</arg>
<doc>Waits until the element ``locator`` is visible.</doc>
<status status="PASS" starttime="20240118 10:48:00.827" endtime="20240118 10:48:00.866"/>
</kw>
<kw name="Click Element" library="SeleniumLibrary">
<arg>${ELEMENT}</arg>
<doc>Click the element identified by ``locator``.</doc>
<msg timestamp="20240118 10:48:00.867" level="INFO">Clicking element '//div[@class='button__text'][contains(.,'Buscar passagens')]'.</msg>
<status status="PASS" starttime="20240118 10:48:00.866" endtime="20240118 10:48:01.202"/>
</kw>
<status status="PASS" starttime="20240118 10:48:00.826" endtime="20240118 10:48:01.203"/>
</kw>
<status status="PASS" starttime="20240118 10:47:44.881" endtime="20240118 10:48:01.203"/>
</kw>
<kw name="Quando selecionar a passagem desejada escolhendo a tarifa &quot;Azul&quot;, clicar em &quot;Informar viajantes&quot;, inserir os dados do passageiro, inserir a forma de pagamento no cartão de crédito à vista" library="booking_resources">
<kw name="Wait Until Page Does Not Contain" library="SeleniumLibrary">
<arg>Estamos esquentando as turbinas</arg>
<arg>40</arg>
<doc>Waits until ``text`` disappears from the current page.</doc>
<status status="PASS" starttime="20240118 10:48:01.204" endtime="20240118 10:48:01.275"/>
</kw>
<kw name="Wait Until Page Contains" library="SeleniumLibrary">
<arg>Olá ${PRIMEIRO_NOME}, esse é o resultado de sua busca.</arg>
<arg>30</arg>
<doc>Waits until ``text`` appears on the current page.</doc>
<status status="PASS" starttime="20240118 10:48:01.275" endtime="20240118 10:48:03.694"/>
</kw>
<kw name="Wait and Click Element" library="helpers">
<arg>${selecaopassagens.SLC_VIAGEM_IDA_2}</arg>
<doc>Keyword responsável por aguardar o elemento estar visível e clicar.</doc>
<kw name="Wait Until Element Is Visible" library="SeleniumLibrary">
<arg>${ELEMENT}</arg>
<arg>timeout=${TIMEOUT}</arg>
<doc>Waits until the element ``locator`` is visible.</doc>
<status status="PASS" starttime="20240118 10:48:03.695" endtime="20240118 10:48:07.799"/>
</kw>
<kw name="Click Element" library="SeleniumLibrary">
<arg>${ELEMENT}</arg>
<doc>Click the element identified by ``locator``.</doc>
<msg timestamp="20240118 10:48:07.800" level="INFO">Clicking element '(//div[@aria-label='Ver tarifas deste voo. Selecionar'])[2]'.</msg>
<status status="PASS" starttime="20240118 10:48:07.800" endtime="20240118 10:48:08.483"/>
</kw>
<status status="PASS" starttime="20240118 10:48:03.695" endtime="20240118 10:48:08.483"/>
</kw>
<while condition="True">
<iter>
<kw name="Run Keyword And Return Status" library="BuiltIn">
<var>${status}</var>
<arg>Click Element</arg>
<arg>${selecaopassagens.BTN_SLC_TRF_2}</arg>
<doc>Runs the given keyword with given arguments and returns the status as a Boolean value.</doc>
<kw name="Click Element" library="SeleniumLibrary">
<arg>${selecaopassagens.BTN_SLC_TRF_2}</arg>
<doc>Click the element identified by ``locator``.</doc>
<msg timestamp="20240118 10:48:08.485" level="INFO">Clicking element '(//button[@aria-label='Selecionar tarifa'])[3]'.</msg>
<status status="PASS" starttime="20240118 10:48:08.483" endtime="20240118 10:48:09.720"/>
</kw>
<msg timestamp="20240118 10:48:09.720" level="INFO">${status} = True</msg>
<status status="PASS" starttime="20240118 10:48:08.483" endtime="20240118 10:48:09.720"/>
</kw>
<if>
<branch type="IF" condition="${status}">
<break>
<status status="PASS" starttime="20240118 10:48:09.720" endtime="20240118 10:48:09.720"/>
</break>
<status status="PASS" starttime="20240118 10:48:09.720" endtime="20240118 10:48:09.720"/>
</branch>
<status status="PASS" starttime="20240118 10:48:09.720" endtime="20240118 10:48:09.720"/>
</if>
<kw name="Press Keys" library="SeleniumLibrary">
<arg>${None}</arg>
<arg>ARROW_UP</arg>
<doc>Simulates the user pressing key(s) to an element or on the active browser.</doc>
<status status="NOT RUN" starttime="20240118 10:48:09.721" endtime="20240118 10:48:09.721"/>
</kw>
<status status="PASS" starttime="20240118 10:48:08.483" endtime="20240118 10:48:09.721"/>
</iter>
<status status="PASS" starttime="20240118 10:48:08.483" endtime="20240118 10:48:09.722"/>
</while>
<kw name="Wait Until Page Does Not Contain" library="SeleniumLibrary">
<arg>Carregando informações</arg>
<arg>40</arg>
<doc>Waits until ``text`` disappears from the current page.</doc>
<status status="PASS" starttime="20240118 10:48:09.722" endtime="20240118 10:48:10.235"/>
</kw>
<kw name="Wait and Click Element" library="helpers">
<arg>${selecaopassagens.BTN_INF_VIAJANTES}</arg>
<arg>30</arg>
<doc>Keyword responsável por aguardar o elemento estar visível e clicar.</doc>
<kw name="Wait Until Element Is Visible" library="SeleniumLibrary">
<arg>${ELEMENT}</arg>
<arg>timeout=${TIMEOUT}</arg>
<doc>Waits until the element ``locator`` is visible.</doc>
<status status="PASS" starttime="20240118 10:48:10.236" endtime="20240118 10:48:10.265"/>
</kw>
<kw name="Click Element" library="SeleniumLibrary">
<arg>${ELEMENT}</arg>
<doc>Click the element identified by ``locator``.</doc>
<msg timestamp="20240118 10:48:10.266" level="INFO">Clicking element '(//button[@aria-label='Informar viajantes'])[2]'.</msg>
<status status="PASS" starttime="20240118 10:48:10.265" endtime="20240118 10:48:10.399"/>
</kw>
<status status="PASS" starttime="20240118 10:48:10.235" endtime="20240118 10:48:10.399"/>
</kw>
<kw name="Wait Until Page Does Not Contain" library="SeleniumLibrary">
<arg>Carregando informações</arg>
<arg>40</arg>
<doc>Waits until ``text`` disappears from the current page.</doc>
<status status="PASS" starttime="20240118 10:48:10.399" endtime="20240118 10:48:12.103"/>
</kw>
<kw name="Wait Until Page Does Not Contain" library="SeleniumLibrary">
<arg>Falta pouco. Agora, você só vai precisar preencher os dados dos viajantes.</arg>
<arg>30</arg>
<doc>Waits until ``text`` disappears from the current page.</doc>
<status status="PASS" starttime="20240118 10:48:12.103" endtime="20240118 10:48:12.186"/>
</kw>
<kw name="Press Keys" library="SeleniumLibrary">
<arg>${NONE}</arg>
<arg>TAB</arg>
<doc>Simulates the user pressing key(s) to an element or on the active browser.</doc>
<msg timestamp="20240118 10:48:12.187" level="INFO">Sending key(s) ('TAB',) to page.</msg>
<msg timestamp="20240118 10:48:12.187" level="INFO">Pressing special key TAB to browser.</msg>
<msg timestamp="20240118 10:48:12.187" level="INFO">Releasing special key TAB.</msg>
<status status="PASS" starttime="20240118 10:48:12.186" endtime="20240118 10:48:12.221"/>
</kw>
<kw name="Wait and Click Element" library="helpers">
<arg>${booking.VIAJANTE_2}</arg>
<doc>Keyword responsável por aguardar o elemento estar visível e clicar.</doc>
<kw name="Wait Until Element Is Visible" library="SeleniumLibrary">
<arg>${ELEMENT}</arg>
<arg>timeout=${TIMEOUT}</arg>
<doc>Waits until the element ``locator`` is visible.</doc>
<status status="PASS" starttime="20240118 10:48:12.222" endtime="20240118 10:48:17.146"/>
</kw>
<kw name="Click Element" library="SeleniumLibrary">
<arg>${ELEMENT}</arg>
<doc>Click the element identified by ``locator``.</doc>
<msg timestamp="20240118 10:48:17.148" level="INFO">Clicking element '(//span[text()='Nome do Viajante'])[1]'.</msg>
<status status="PASS" starttime="20240118 10:48:17.146" endtime="20240118 10:48:17.758"/>
</kw>
<status status="PASS" starttime="20240118 10:48:12.222" endtime="20240118 10:48:17.758"/>
</kw>
<kw name="Wait and Input Text" library="helpers">
<arg>${booking.FIRST_NAME_2}</arg>
<arg>Bia</arg>
<doc>Keyword responsável por aguardar o elemento estar visível e digitar o texto.</doc>
<kw name="Wait Until Element Is Visible" library="SeleniumLibrary">
<arg>${ELEMENT}</arg>
<doc>Waits until the element ``locator`` is visible.</doc>
<status status="PASS" starttime="20240118 10:48:17.759" endtime="20240118 10:48:17.784"/>
</kw>
<kw name="Input Text" library="SeleniumLibrary">
<arg>${ELEMENT}</arg>
<arg>${TEXT}</arg>
<doc>Types the given ``text`` into the text field identified by ``locator``.</doc>
<msg timestamp="20240118 10:48:17.785" level="INFO">Typing text 'Bia' into text field '(//input[@aria-label='Informe o nome'])[2]'.</msg>
<status status="PASS" starttime="20240118 10:48:17.784" endtime="20240118 10:48:18.366"/>
</kw>
<status status="PASS" starttime="20240118 10:48:17.759" endtime="20240118 10:48:18.366"/>
</kw>
<kw name="Wait and Input Text" library="helpers">
<arg>${booking.LAST_NAME_2}</arg>
<arg>Teste</arg>
<doc>Keyword responsável por aguardar o elemento estar visível e digitar o texto.</doc>
<kw name="Wait Until Element Is Visible" library="SeleniumLibrary">
<arg>${ELEMENT}</arg>
<doc>Waits until the element ``locator`` is visible.</doc>
<status status="PASS" starttime="20240118 10:48:18.368" endtime="20240118 10:48:18.462"/>
</kw>
<kw name="Input Text" library="SeleniumLibrary">
<arg>${ELEMENT}</arg>
<arg>${TEXT}</arg>
<doc>Types the given ``text`` into the text field identified by ``locator``.</doc>
<msg timestamp="20240118 10:48:18.462" level="INFO">Typing text 'Teste' into text field '(//input[@aria-label='Informe o sobrenome'])[2]'.</msg>
<status status="PASS" starttime="20240118 10:48:18.462" endtime="20240118 10:48:19.111"/>
</kw>
<status status="PASS" starttime="20240118 10:48:18.367" endtime="20240118 10:48:19.111"/>
</kw>
<kw name="Wait and Input Text" library="helpers">
<arg>${booking.CAMPO_CPF_2}</arg>
<arg>72602404667</arg>
<doc>Keyword responsável por aguardar o elemento estar visível e digitar o texto.</doc>
<kw name="Wait Until Element Is Visible" library="SeleniumLibrary">
<arg>${ELEMENT}</arg>
<doc>Waits until the element ``locator`` is visible.</doc>
<status status="PASS" starttime="20240118 10:48:19.113" endtime="20240118 10:48:19.195"/>
</kw>
<kw name="Input Text" library="SeleniumLibrary">
<arg>${ELEMENT}</arg>
<arg>${TEXT}</arg>
<doc>Types the given ``text`` into the text field identified by ``locator``.</doc>
<msg timestamp="20240118 10:48:19.196" level="INFO">Typing text '72602404667' into text field '(//input[@aria-label='Informe o CPF ou tudo azul'])[1]'.</msg>
<status status="PASS" starttime="20240118 10:48:19.195" endtime="20240118 10:48:20.544"/>
</kw>
<status status="PASS" starttime="20240118 10:48:19.111" endtime="20240118 10:48:20.544"/>
</kw>
<kw name="Wait Until Page Does Not Contain" library="SeleniumLibrary">
<arg>Buscando TudoAzul</arg>
<arg>20</arg>
<doc>Waits until ``text`` disappears from the current page.</doc>
<status status="PASS" starttime="20240118 10:48:20.544" endtime="20240118 10:48:21.422"/>
</kw>
<kw name="Press Keys" library="SeleniumLibrary">
<arg>${NONE}</arg>
<arg>TAB</arg>
<doc>Simulates the user pressing key(s) to an element or on the active browser.</doc>
<msg timestamp="20240118 10:48:21.423" level="INFO">Sending key(s) ('TAB',) to page.</msg>
<msg timestamp="20240118 10:48:21.424" level="INFO">Pressing special key TAB to browser.</msg>
<msg timestamp="20240118 10:48:21.424" level="INFO">Releasing special key TAB.</msg>
<status status="PASS" starttime="20240118 10:48:21.423" endtime="20240118 10:48:21.481"/>
</kw>
<kw name="Wait and Click Element" library="helpers">
<arg>${booking.SLC_SEXO_2}</arg>
<doc>Keyword responsável por aguardar o elemento estar visível e clicar.</doc>
<kw name="Wait Until Element Is Visible" library="SeleniumLibrary">
<arg>${ELEMENT}</arg>
<arg>timeout=${TIMEOUT}</arg>
<doc>Waits until the element ``locator`` is visible.</doc>
<status status="PASS" starttime="20240118 10:48:21.483" endtime="20240118 10:48:21.532"/>
</kw>
<kw name="Click Element" library="SeleniumLibrary">
<arg>${ELEMENT}</arg>
<doc>Click the element identified by ``locator``.</doc>
<msg timestamp="20240118 10:48:21.533" level="INFO">Clicking element '//div[text()='Feminino']'.</msg>
<status status="PASS" starttime="20240118 10:48:21.533" endtime="20240118 10:48:21.816"/>
</kw>
<status status="PASS" starttime="20240118 10:48:21.481" endtime="20240118 10:48:21.816"/>
</kw>
<kw name="Wait and Input Text" library="helpers">
<arg>${booking.FIRST_NAME_3}</arg>
<arg>Paulo</arg>
<doc>Keyword responsável por aguardar o elemento estar visível e digitar o texto.</doc>
<kw name="Wait Until Element Is Visible" library="SeleniumLibrary">
<arg>${ELEMENT}</arg>
<doc>Waits until the element ``locator`` is visible.</doc>
<status status="PASS" starttime="20240118 10:48:21.817" endtime="20240118 10:48:21.906"/>
</kw>
<kw name="Input Text" library="SeleniumLibrary">
<arg>${ELEMENT}</arg>
<arg>${TEXT}</arg>
<doc>Types the given ``text`` into the text field identified by ``locator``.</doc>
<msg timestamp="20240118 10:48:21.907" level="INFO">Typing text 'Paulo' into text field '(//input[@aria-label='Informe o nome'])[3]'.</msg>
<status status="PASS" starttime="20240118 10:48:21.907" endtime="20240118 10:48:22.464"/>
</kw>
<status status="PASS" starttime="20240118 10:48:21.816" endtime="20240118 10:48:22.464"/>
</kw>
<kw name="Wait and Input Text" library="helpers">
<arg>${booking.LAST_NAME_3}</arg>
<arg>Teste</arg>
<doc>Keyword responsável por aguardar o elemento estar visível e digitar o texto.</doc>
<kw name="Wait Until Element Is Visible" library="SeleniumLibrary">
<arg>${ELEMENT}</arg>
<doc>Waits until the element ``locator`` is visible.</doc>
<status status="PASS" starttime="20240118 10:48:22.466" endtime="20240118 10:48:22.535"/>
</kw>
<kw name="Input Text" library="SeleniumLibrary">
<arg>${ELEMENT}</arg>
<arg>${TEXT}</arg>
<doc>Types the given ``text`` into the text field identified by ``locator``.</doc>
<msg timestamp="20240118 10:48:22.537" level="INFO">Typing text 'Teste' into text field '(//input[@aria-label='Informe o sobrenome'])[3]'.</msg>
<status status="PASS" starttime="20240118 10:48:22.535" endtime="20240118 10:48:23.166"/>
</kw>
<status status="PASS" starttime="20240118 10:48:22.464" endtime="20240118 10:48:23.166"/>
</kw>
<while condition="False">
<iter>
<kw name="Run Keyword And Return Status" library="BuiltIn">
<var>${status}</var>
<arg>Click Element</arg>
<arg>${booking.NACIONALIDADE_3}</arg>
<doc>Runs the given keyword with given arguments and returns the status as a Boolean value.</doc>
<status status="NOT RUN" starttime="20240118 10:48:23.166" endtime="20240118 10:48:23.166"/>
</kw>
<if>
<branch type="IF" condition="${status}">
<break>
<status status="NOT RUN" starttime="20240118 10:48:23.167" endtime="20240118 10:48:23.167"/>
</break>
<status status="NOT RUN" starttime="20240118 10:48:23.167" endtime="20240118 10:48:23.167"/>
</branch>
<status status="NOT RUN" starttime="20240118 10:48:23.167" endtime="20240118 10:48:23.167"/>
</if>
<kw name="Press Keys" library="SeleniumLibrary">
<arg>${None}</arg>
<arg>ARROW_DOWN</arg>
<doc>Simulates the user pressing key(s) to an element or on the active browser.</doc>
<status status="NOT RUN" starttime="20240118 10:48:23.167" endtime="20240118 10:48:23.167"/>
</kw>
<status status="NOT RUN" starttime="20240118 10:48:23.166" endtime="20240118 10:48:23.167"/>
</iter>
<status status="NOT RUN" starttime="20240118 10:48:23.166" endtime="20240118 10:48:23.168"/>
</while>
<kw name="Wait and Click Element" library="helpers">
<arg>${booking.SLC_NACIONALIDADE_3}</arg>
<doc>Keyword responsável por aguardar o elemento estar visível e clicar.</doc>
<kw name="Wait Until Element Is Visible" library="SeleniumLibrary">
<arg>${ELEMENT}</arg>
<arg>timeout=${TIMEOUT}</arg>
<doc>Waits until the element ``locator`` is visible.</doc>
<msg timestamp="20240118 10:48:43.531" level="INFO" html="true">&lt;/td&gt;&lt;/tr&gt;&lt;tr&gt;&lt;td colspan="3"&gt;&lt;a href="selenium-screenshot-4.png"&gt;&lt;img src="selenium-screenshot-4.png" width="800px"&gt;&lt;/a&gt;</msg>
<msg timestamp="20240118 10:48:43.532" level="FAIL">Element '(//div[text()='Brasil'])[3]' not visible after 20 seconds.</msg>
<status status="FAIL" starttime="20240118 10:48:23.172" endtime="20240118 10:48:43.532"/>
</kw>
<kw name="Click Element" library="SeleniumLibrary">
<arg>${ELEMENT}</arg>
<doc>Click the element identified by ``locator``.</doc>
<status status="NOT RUN" starttime="20240118 10:48:43.533" endtime="20240118 10:48:43.533"/>
</kw>
<status status="FAIL" starttime="20240118 10:48:23.169" endtime="20240118 10:48:43.533"/>
</kw>
<kw name="Wait and Input Text" library="helpers">
<arg>${booking.CAMPO_CPF_3}</arg>
<arg>42177470803</arg>
<doc>Keyword responsável por aguardar o elemento estar visível e digitar o texto.</doc>
<status status="NOT RUN" starttime="20240118 10:48:43.533" endtime="20240118 10:48:43.533"/>
</kw>
<kw name="Wait Until Page Does Not Contain" library="SeleniumLibrary">
<arg>Buscando TudoAzul</arg>
<arg>20</arg>
<doc>Waits until ``text`` disappears from the current page.</doc>
<status status="NOT RUN" starttime="20240118 10:48:43.533" endtime="20240118 10:48:43.533"/>
</kw>
<kw name="Wait and Input Text" library="helpers">
<arg>${booking.CAMPO_DATA_NASC_3}</arg>
<arg>05/05/2018</arg>
<doc>Keyword responsável por aguardar o elemento estar visível e digitar o texto.</doc>
<status status="NOT RUN" starttime="20240118 10:48:43.533" endtime="20240118 10:48:43.533"/>
</kw>
<kw name="Capture Page Screenshot" library="SeleniumLibrary">
<doc>Takes a screenshot of the current page and embeds it into a log file.</doc>
<status status="NOT RUN" starttime="20240118 10:48:43.533" endtime="20240118 10:48:43.533"/>
</kw>
<kw name="Scroll Element Into View" library="SeleniumLibrary">
<arg>${booking.SLC_SEXO_3}</arg>
<doc>Scrolls the element identified by ``locator`` into view.</doc>
<status status="NOT RUN" starttime="20240118 10:48:43.533" endtime="20240118 10:48:43.533"/>
</kw>
<kw name="Press Keys" library="SeleniumLibrary">
<arg>${NONE}</arg>
<arg>TAB</arg>
<doc>Simulates the user pressing key(s) to an element or on the active browser.</doc>
<status status="NOT RUN" starttime="20240118 10:48:43.533" endtime="20240118 10:48:43.533"/>
</kw>
<kw name="Wait and Click Element" library="helpers">
<arg>${booking.SLC_SEXO_3}</arg>
<doc>Keyword responsável por aguardar o elemento estar visível e clicar.</doc>
<status status="NOT RUN" starttime="20240118 10:48:43.533" endtime="20240118 10:48:43.534"/>
</kw>
<kw name="Wait and Click Element" library="helpers">
<arg>${booking.BTN_PSG_SRVC}</arg>
<doc>Keyword responsável por aguardar o elemento estar visível e clicar.</doc>
<status status="NOT RUN" starttime="20240118 10:48:43.534" endtime="20240118 10:48:43.534"/>
</kw>
<kw name="Wait Until Page Does Not Contain" library="SeleniumLibrary">
<arg>Salvando informações</arg>
<arg>40</arg>
<doc>Waits until ``text`` disappears from the current page.</doc>
<status status="NOT RUN" starttime="20240118 10:48:43.534" endtime="20240118 10:48:43.534"/>
</kw>
<status status="FAIL" starttime="20240118 10:48:01.204" endtime="20240118 10:48:43.534"/>
</kw>
<doc>Realizar compra de reserva nacional com cliente "TudoAzul" logado, para pax "ADT" em "reais", com tarifa "Azul", somente IDA,
sem serviços adicionais e com pagamento no cartão de crédito "à vista"</doc>
<tag>BOOKING DOMÉSTICO</tag>
<status status="FAIL" starttime="20240118 10:47:27.392" endtime="20240118 10:48:43.534">Element '(//div[text()='Brasil'])[3]' not visible after 20 seconds.</status>
</test>
<doc>Essa suite testa o booking de 2 ADT's e 1 CHD Logado</doc>
<status status="FAIL" starttime="20240118 10:47:26.873" endtime="20240118 10:48:43.537"/>
</suite>
<statistics>
<total>
<stat pass="0" fail="1" skip="0">All Tests</stat>
</total>
<tag>
<stat pass="0" fail="1" skip="0">BOOKING DOMÉSTICO</stat>
</tag>
<suite>
<stat pass="0" fail="1" skip="0" id="s1" name="Booking 2Adts 1Chd Lgd">Booking 2Adts 1Chd Lgd</stat>
</suite>
</statistics>
<errors>
</errors>
</robot>
